This is pdfTeX, Version 3.1415926-2.4-1.40.13 (MiKTeX 2.9 64-bit) (preloaded format=pdflatex 2013.8.29)  20 OCT 2014 18:01
entering extended mode
**wqtrends_pres.tex
(M:\presentations\wqtrends_pres\wqtrends_pres.tex
LaTeX2e <2011/06/27>
Babel <v3.8m> and hyphenation patterns for english, afrikaans, ancientgreek, ar
abic, armenian, assamese, basque, bengali, bokmal, bulgarian, catalan, coptic, 
croatian, czech, danish, dutch, esperanto, estonian, farsi, finnish, french, ga
lician, german, german-x-2012-05-30, greek, gujarati, hindi, hungarian, iceland
ic, indonesian, interlingua, irish, italian, kannada, kurmanji, latin, latvian,
 lithuanian, malayalam, marathi, mongolian, mongolianlmc, monogreek, ngerman, n
german-x-2012-05-30, nynorsk, oriya, panjabi, pinyin, polish, portuguese, roman
ian, russian, sanskrit, serbian, slovak, slovenian, spanish, swedish, swissgerm
an, tamil, telugu, turkish, turkmen, ukenglish, ukrainian, uppersorbian, usengl
ishmax, welsh, loaded.
(C:\Users\mbeck\AppData\Roaming\MiKTeX\2.9\tex\latex\beamer\base\beamer.cls
(C:\Users\mbeck\AppData\Roaming\MiKTeX\2.9\tex\latex\beamer\base\beamerbasercs.
sty
Package: beamerbasercs 2013/04/04 (rcs-revision 7b8d65c07caf)
)
Document Class: beamer 2013/04/04 3.27 A class for typesetting presentations (r
cs-revision dca7db0ccda1)

(C:\Users\mbeck\AppData\Roaming\MiKTeX\2.9\tex\latex\beamer\base\beamerbasemode
s.sty
Package: beamerbasemodes 2012/04/15 (rcs-revision cc6557182d97)
\beamer@tempbox=\box26
\beamer@tempcount=\count79
\c@beamerpauses=\count80

(C:\Users\mbeck\AppData\Roaming\MiKTeX\2.9\tex\latex\beamer\base\beamerbasedeco
de.sty
Package: beamerbasedecode 2010/05/01 (rcs-revision efa082c6111d)
\beamer@slideinframe=\count81
\beamer@minimum=\count82
)
\beamer@commentbox=\box27
\beamer@modecount=\count83
) ("C:\Program Files\MiKTeX 2.9\tex\generic\oberdiek\ifpdf.sty"
Package: ifpdf 2011/01/30 v2.3 Provides the ifpdf switch (HO)
Package ifpdf Info: pdfTeX in PDF mode is detected.
)
\headheight=\dimen102
\headdp=\dimen103
\footheight=\dimen104
\sidebarheight=\dimen105
\beamer@tempdim=\dimen106
\beamer@finalheight=\dimen107
\beamer@animht=\dimen108
\beamer@animdp=\dimen109
\beamer@animwd=\dimen110
\beamer@leftmargin=\dimen111
\beamer@rightmargin=\dimen112
\beamer@leftsidebar=\dimen113
\beamer@rightsidebar=\dimen114
\beamer@boxsize=\dimen115
\beamer@vboxoffset=\dimen116
\beamer@descdefault=\dimen117
\beamer@descriptionwidth=\dimen118
\beamer@lastskip=\skip41
\beamer@areabox=\box28
\beamer@animcurrent=\box29
\beamer@animshowbox=\box30
\beamer@sectionbox=\box31
\beamer@logobox=\box32
\beamer@linebox=\box33
\beamer@sectioncount=\count84
\beamer@subsubsectionmax=\count85
\beamer@subsectionmax=\count86
\beamer@sectionmax=\count87
\beamer@totalheads=\count88
\beamer@headcounter=\count89
\beamer@partstartpage=\count90
\beamer@sectionstartpage=\count91
\beamer@subsectionstartpage=\count92
\beamer@animationtempa=\count93
\beamer@animationtempb=\count94
\beamer@xpos=\count95
\beamer@ypos=\count96
\beamer@showpartnumber=\count97
\beamer@currentsubsection=\count98
\beamer@coveringdepth=\count99
\beamer@sectionadjust=\count100
\beamer@tocsectionnumber=\count101

(C:\Users\mbeck\AppData\Roaming\MiKTeX\2.9\tex\latex\beamer\base\beamerbaseopti
ons.sty
Package: beamerbaseoptions 2013/03/10 (rcs-revision 47431932db0d)
 ("C:\Program Files\MiKTeX 2.9\tex\latex\graphics\keyval.sty"
Package: keyval 1999/03/16 v1.13 key=value parser (DPC)
\KV@toks@=\toks14
))
\beamer@paperwidth=\skip42
\beamer@paperheight=\skip43

("C:\Program Files\MiKTeX 2.9\tex\latex\geometry\geometry.sty"
Package: geometry 2010/09/12 v5.6 Page Geometry

("C:\Program Files\MiKTeX 2.9\tex\generic\oberdiek\ifvtex.sty"
Package: ifvtex 2010/03/01 v1.5 Detect VTeX and its facilities (HO)
Package ifvtex Info: VTeX not detected.
)
("C:\Program Files\MiKTeX 2.9\tex\generic\ifxetex\ifxetex.sty"
Package: ifxetex 2010/09/12 v0.6 Provides ifxetex conditional
)
\Gm@cnth=\count102
\Gm@cntv=\count103
\c@Gm@tempcnt=\count104
\Gm@bindingoffset=\dimen119
\Gm@wd@mp=\dimen120
\Gm@odd@mp=\dimen121
\Gm@even@mp=\dimen122
\Gm@layoutwidth=\dimen123
\Gm@layoutheight=\dimen124
\Gm@layouthoffset=\dimen125
\Gm@layoutvoffset=\dimen126
\Gm@dimlist=\toks15

("C:\Program Files\MiKTeX 2.9\tex\latex\geometry\geometry.cfg"))

Class beamer Warning: ``serif'' is obsolete. Use font theme ``serif'' instead o
n input line 348.

("C:\Program Files\MiKTeX 2.9\tex\latex\base\size11.clo"
File: size11.clo 2007/10/19 v1.4h Standard LaTeX file (size option)
)
(C:\Users\mbeck\AppData\Roaming\MiKTeX\2.9\tex\latex\pgf\basiclayer\pgfcore.sty
("C:\Program Files\MiKTeX 2.9\tex\latex\graphics\graphicx.sty"
Package: graphicx 1999/02/16 v1.0f Enhanced LaTeX Graphics (DPC,SPQR)

("C:\Program Files\MiKTeX 2.9\tex\latex\graphics\graphics.sty"
Package: graphics 2009/02/05 v1.0o Standard LaTeX Graphics (DPC,SPQR)

("C:\Program Files\MiKTeX 2.9\tex\latex\graphics\trig.sty"
Package: trig 1999/03/16 v1.09 sin cos tan (DPC)
)
("C:\Program Files\MiKTeX 2.9\tex\latex\00miktex\graphics.cfg"
File: graphics.cfg 2007/01/18 v1.5 graphics configuration of teTeX/TeXLive
)
Package graphics Info: Driver file: pdftex.def on input line 91.

("C:\Program Files\MiKTeX 2.9\tex\latex\pdftex-def\pdftex.def"
File: pdftex.def 2011/05/27 v0.06d Graphics/color for pdfTeX

("C:\Program Files\MiKTeX 2.9\tex\generic\oberdiek\infwarerr.sty"
Package: infwarerr 2010/04/08 v1.3 Providing info/warning/error messages (HO)
)
("C:\Program Files\MiKTeX 2.9\tex\generic\oberdiek\ltxcmds.sty"
Package: ltxcmds 2011/11/09 v1.22 LaTeX kernel commands for general use (HO)
)
\Gread@gobject=\count105
))
\Gin@req@height=\dimen127
\Gin@req@width=\dimen128
)
(C:\Users\mbeck\AppData\Roaming\MiKTeX\2.9\tex\latex\pgf\systemlayer\pgfsys.sty
(C:\Users\mbeck\AppData\Roaming\MiKTeX\2.9\tex\latex\pgf\utilities\pgfrcs.sty
(C:\Users\mbeck\AppData\Roaming\MiKTeX\2.9\tex\generic\pgf\utilities\pgfutil-co
mmon.tex
\pgfutil@everybye=\toks16
)
(C:\Users\mbeck\AppData\Roaming\MiKTeX\2.9\tex\generic\pgf\utilities\pgfutil-la
tex.def
\pgfutil@abb=\box34
 (C:\Users\mbeck\AppData\Roaming\MiKTeX\2.9\tex\latex\ms\everyshi.sty
Package: everyshi 2001/05/15 v3.00 EveryShipout Package (MS)
))
(C:\Users\mbeck\AppData\Roaming\MiKTeX\2.9\tex\generic\pgf\utilities\pgfrcs.cod
e.tex
Package: pgfrcs 2010/10/25 v2.10 (rcs-revision 1.24)
))
(C:\Users\mbeck\AppData\Roaming\MiKTeX\2.9\tex\generic\pgf\systemlayer\pgfsys.c
ode.tex
Package: pgfsys 2010/06/30 v2.10 (rcs-revision 1.37)

(C:\Users\mbeck\AppData\Roaming\MiKTeX\2.9\tex\generic\pgf\utilities\pgfkeys.co
de.tex
\pgfkeys@pathtoks=\toks17
\pgfkeys@temptoks=\toks18

(C:\Users\mbeck\AppData\Roaming\MiKTeX\2.9\tex\generic\pgf\utilities\pgfkeysfil
tered.code.tex
\pgfkeys@tmptoks=\toks19
))
\pgf@x=\dimen129
\pgf@y=\dimen130
\pgf@xa=\dimen131
\pgf@ya=\dimen132
\pgf@xb=\dimen133
\pgf@yb=\dimen134
\pgf@xc=\dimen135
\pgf@yc=\dimen136
\w@pgf@writea=\write3
\r@pgf@reada=\read1
\c@pgf@counta=\count106
\c@pgf@countb=\count107
\c@pgf@countc=\count108
\c@pgf@countd=\count109

(C:\Users\mbeck\AppData\Roaming\MiKTeX\2.9\tex\generic\pgf\systemlayer\pgf.cfg
File: pgf.cfg 2008/05/14  (rcs-revision 1.7)
)
Package pgfsys Info: Driver file for pgf: pgfsys-pdftex.def on input line 900.

(C:\Users\mbeck\AppData\Roaming\MiKTeX\2.9\tex\generic\pgf\systemlayer\pgfsys-p
dftex.def
File: pgfsys-pdftex.def 2009/05/22  (rcs-revision 1.26)

(C:\Users\mbeck\AppData\Roaming\MiKTeX\2.9\tex\generic\pgf\systemlayer\pgfsys-c
ommon-pdf.def
File: pgfsys-common-pdf.def 2008/05/19  (rcs-revision 1.10)
)))
(C:\Users\mbeck\AppData\Roaming\MiKTeX\2.9\tex\generic\pgf\systemlayer\pgfsysso
ftpath.code.tex
File: pgfsyssoftpath.code.tex 2008/07/18  (rcs-revision 1.7)
\pgfsyssoftpath@smallbuffer@items=\count110
\pgfsyssoftpath@bigbuffer@items=\count111
)
(C:\Users\mbeck\AppData\Roaming\MiKTeX\2.9\tex\generic\pgf\systemlayer\pgfsyspr
otocol.code.tex
File: pgfsysprotocol.code.tex 2006/10/16  (rcs-revision 1.4)
))
(C:\Users\mbeck\AppData\Roaming\MiKTeX\2.9\tex\latex\xcolor\xcolor.sty
Package: xcolor 2007/01/21 v2.11 LaTeX color extensions (UK)

("C:\Program Files\MiKTeX 2.9\tex\latex\00miktex\color.cfg"
File: color.cfg 2007/01/18 v1.5 color configuration of teTeX/TeXLive
)
Package xcolor Info: Driver file: pdftex.def on input line 225.
Package xcolor Info: Model `cmy' substituted by `cmy0' on input line 1337.
Package xcolor Info: Model `hsb' substituted by `rgb' on input line 1341.
Package xcolor Info: Model `RGB' extended on input line 1353.
Package xcolor Info: Model `HTML' substituted by `rgb' on input line 1355.
Package xcolor Info: Model `Hsb' substituted by `hsb' on input line 1356.
Package xcolor Info: Model `tHsb' substituted by `hsb' on input line 1357.
Package xcolor Info: Model `HSB' substituted by `hsb' on input line 1358.
Package xcolor Info: Model `Gray' substituted by `gray' on input line 1359.
Package xcolor Info: Model `wave' substituted by `hsb' on input line 1360.
)
(C:\Users\mbeck\AppData\Roaming\MiKTeX\2.9\tex\generic\pgf\basiclayer\pgfcore.c
ode.tex
Package: pgfcore 2010/04/11 v2.10 (rcs-revision 1.7)

(C:\Users\mbeck\AppData\Roaming\MiKTeX\2.9\tex\generic\pgf\math\pgfmath.code.te
x
(C:\Users\mbeck\AppData\Roaming\MiKTeX\2.9\tex\generic\pgf\math\pgfmathcalc.cod
e.tex
(C:\Users\mbeck\AppData\Roaming\MiKTeX\2.9\tex\generic\pgf\math\pgfmathutil.cod
e.tex)
(C:\Users\mbeck\AppData\Roaming\MiKTeX\2.9\tex\generic\pgf\math\pgfmathparser.c
ode.tex
\pgfmath@dimen=\dimen137
\pgfmath@count=\count112
\pgfmath@box=\box35
\pgfmath@toks=\toks20
\pgfmath@stack@operand=\toks21
\pgfmath@stack@operation=\toks22
)
(C:\Users\mbeck\AppData\Roaming\MiKTeX\2.9\tex\generic\pgf\math\pgfmathfunction
s.code.tex
(C:\Users\mbeck\AppData\Roaming\MiKTeX\2.9\tex\generic\pgf\math\pgfmathfunction
s.basic.code.tex)
(C:\Users\mbeck\AppData\Roaming\MiKTeX\2.9\tex\generic\pgf\math\pgfmathfunction
s.trigonometric.code.tex)
(C:\Users\mbeck\AppData\Roaming\MiKTeX\2.9\tex\generic\pgf\math\pgfmathfunction
s.random.code.tex)
(C:\Users\mbeck\AppData\Roaming\MiKTeX\2.9\tex\generic\pgf\math\pgfmathfunction
s.comparison.code.tex)
(C:\Users\mbeck\AppData\Roaming\MiKTeX\2.9\tex\generic\pgf\math\pgfmathfunction
s.base.code.tex)
(C:\Users\mbeck\AppData\Roaming\MiKTeX\2.9\tex\generic\pgf\math\pgfmathfunction
s.round.code.tex)
(C:\Users\mbeck\AppData\Roaming\MiKTeX\2.9\tex\generic\pgf\math\pgfmathfunction
s.misc.code.tex)))
(C:\Users\mbeck\AppData\Roaming\MiKTeX\2.9\tex\generic\pgf\math\pgfmathfloat.co
de.tex
\c@pgfmathroundto@lastzeros=\count113
))
(C:\Users\mbeck\AppData\Roaming\MiKTeX\2.9\tex\generic\pgf\basiclayer\pgfcorepo
ints.code.tex
File: pgfcorepoints.code.tex 2010/04/09  (rcs-revision 1.20)
\pgf@picminx=\dimen138
\pgf@picmaxx=\dimen139
\pgf@picminy=\dimen140
\pgf@picmaxy=\dimen141
\pgf@pathminx=\dimen142
\pgf@pathmaxx=\dimen143
\pgf@pathminy=\dimen144
\pgf@pathmaxy=\dimen145
\pgf@xx=\dimen146
\pgf@xy=\dimen147
\pgf@yx=\dimen148
\pgf@yy=\dimen149
\pgf@zx=\dimen150
\pgf@zy=\dimen151
)
(C:\Users\mbeck\AppData\Roaming\MiKTeX\2.9\tex\generic\pgf\basiclayer\pgfcorepa
thconstruct.code.tex
File: pgfcorepathconstruct.code.tex 2010/08/03  (rcs-revision 1.24)
\pgf@path@lastx=\dimen152
\pgf@path@lasty=\dimen153
)
(C:\Users\mbeck\AppData\Roaming\MiKTeX\2.9\tex\generic\pgf\basiclayer\pgfcorepa
thusage.code.tex
File: pgfcorepathusage.code.tex 2008/04/22  (rcs-revision 1.12)
\pgf@shorten@end@additional=\dimen154
\pgf@shorten@start@additional=\dimen155
)
(C:\Users\mbeck\AppData\Roaming\MiKTeX\2.9\tex\generic\pgf\basiclayer\pgfcoresc
opes.code.tex
File: pgfcorescopes.code.tex 2010/09/08  (rcs-revision 1.34)
\pgfpic=\box36
\pgf@hbox=\box37
\pgf@layerbox@main=\box38
\pgf@picture@serial@count=\count114
)
(C:\Users\mbeck\AppData\Roaming\MiKTeX\2.9\tex\generic\pgf\basiclayer\pgfcoregr
aphicstate.code.tex
File: pgfcoregraphicstate.code.tex 2008/04/22  (rcs-revision 1.9)
\pgflinewidth=\dimen156
)
(C:\Users\mbeck\AppData\Roaming\MiKTeX\2.9\tex\generic\pgf\basiclayer\pgfcoretr
ansformations.code.tex
File: pgfcoretransformations.code.tex 2009/06/10  (rcs-revision 1.11)
\pgf@pt@x=\dimen157
\pgf@pt@y=\dimen158
\pgf@pt@temp=\dimen159
)
(C:\Users\mbeck\AppData\Roaming\MiKTeX\2.9\tex\generic\pgf\basiclayer\pgfcorequ
ick.code.tex
File: pgfcorequick.code.tex 2008/10/09  (rcs-revision 1.3)
)
(C:\Users\mbeck\AppData\Roaming\MiKTeX\2.9\tex\generic\pgf\basiclayer\pgfcoreob
jects.code.tex
File: pgfcoreobjects.code.tex 2006/10/11  (rcs-revision 1.2)
)
(C:\Users\mbeck\AppData\Roaming\MiKTeX\2.9\tex\generic\pgf\basiclayer\pgfcorepa
thprocessing.code.tex
File: pgfcorepathprocessing.code.tex 2008/10/09  (rcs-revision 1.8)
)
(C:\Users\mbeck\AppData\Roaming\MiKTeX\2.9\tex\generic\pgf\basiclayer\pgfcorear
rows.code.tex
File: pgfcorearrows.code.tex 2008/04/23  (rcs-revision 1.11)
)
(C:\Users\mbeck\AppData\Roaming\MiKTeX\2.9\tex\generic\pgf\basiclayer\pgfcoresh
ade.code.tex
File: pgfcoreshade.code.tex 2008/11/23  (rcs-revision 1.13)
\pgf@max=\dimen160
\pgf@sys@shading@range@num=\count115
)
(C:\Users\mbeck\AppData\Roaming\MiKTeX\2.9\tex\generic\pgf\basiclayer\pgfcoreim
age.code.tex
File: pgfcoreimage.code.tex 2010/03/25  (rcs-revision 1.16)

(C:\Users\mbeck\AppData\Roaming\MiKTeX\2.9\tex\generic\pgf\basiclayer\pgfcoreex
ternal.code.tex
File: pgfcoreexternal.code.tex 2010/09/01  (rcs-revision 1.17)
\pgfexternal@startupbox=\box39
))
(C:\Users\mbeck\AppData\Roaming\MiKTeX\2.9\tex\generic\pgf\basiclayer\pgfcorela
yers.code.tex
File: pgfcorelayers.code.tex 2010/08/27  (rcs-revision 1.2)
)
(C:\Users\mbeck\AppData\Roaming\MiKTeX\2.9\tex\generic\pgf\basiclayer\pgfcoretr
ansparency.code.tex
File: pgfcoretransparency.code.tex 2008/01/17  (rcs-revision 1.2)
)
(C:\Users\mbeck\AppData\Roaming\MiKTeX\2.9\tex\generic\pgf\basiclayer\pgfcorepa
tterns.code.tex
File: pgfcorepatterns.code.tex 2009/07/02  (rcs-revision 1.3)
)))
(C:\Users\mbeck\AppData\Roaming\MiKTeX\2.9\tex\latex\pgf\utilities\xxcolor.sty
Package: xxcolor 2003/10/24 ver 0.1
\XC@nummixins=\count116
\XC@countmixins=\count117
) ("C:\Program Files\MiKTeX 2.9\tex\latex\hyperref\hyperref.sty"
Package: hyperref 2012/11/06 v6.83m Hypertext links for LaTeX

("C:\Program Files\MiKTeX 2.9\tex\generic\oberdiek\hobsub-hyperref.sty"
Package: hobsub-hyperref 2012/04/25 v1.12 Bundle oberdiek, subset hyperref (HO)


("C:\Program Files\MiKTeX 2.9\tex\generic\oberdiek\hobsub-generic.sty"
Package: hobsub-generic 2012/04/25 v1.12 Bundle oberdiek, subset generic (HO)
Package: hobsub 2012/04/25 v1.12 Construct package bundles (HO)
Package hobsub Info: Skipping package `infwarerr' (already loaded).
Package hobsub Info: Skipping package `ltxcmds' (already loaded).
Package: ifluatex 2010/03/01 v1.3 Provides the ifluatex switch (HO)
Package ifluatex Info: LuaTeX not detected.
Package hobsub Info: Skipping package `ifvtex' (already loaded).
Package: intcalc 2007/09/27 v1.1 Expandable calculations with integers (HO)
Package hobsub Info: Skipping package `ifpdf' (already loaded).
Package: etexcmds 2011/02/16 v1.5 Avoid name clashes with e-TeX commands (HO)
Package etexcmds Info: Could not find \expanded.
(etexcmds)             That can mean that you are not using pdfTeX 1.50 or
(etexcmds)             that some package has redefined \expanded.
(etexcmds)             In the latter case, load this package earlier.
Package: kvsetkeys 2012/04/25 v1.16 Key value parser (HO)
Package: kvdefinekeys 2011/04/07 v1.3 Define keys (HO)
Package: pdftexcmds 2011/11/29 v0.20 Utility functions of pdfTeX for LuaTeX (HO
)
Package pdftexcmds Info: LuaTeX not detected.
Package pdftexcmds Info: \pdf@primitive is available.
Package pdftexcmds Info: \pdf@ifprimitive is available.
Package pdftexcmds Info: \pdfdraftmode found.
Package: pdfescape 2011/11/25 v1.13 Implements pdfTeX's escape features (HO)
Package: bigintcalc 2012/04/08 v1.3 Expandable calculations on big integers (HO
)
Package: bitset 2011/01/30 v1.1 Handle bit-vector datatype (HO)
Package: uniquecounter 2011/01/30 v1.2 Provide unlimited unique counter (HO)
)
Package hobsub Info: Skipping package `hobsub' (already loaded).
Package: letltxmacro 2010/09/02 v1.4 Let assignment for LaTeX macros (HO)
Package: hopatch 2011/06/24 v1.1 Wrapper for package hooks (HO)
Package: xcolor-patch 2011/01/30 xcolor patch
Package: atveryend 2011/06/30 v1.8 Hooks at the very end of document (HO)
Package atveryend Info: \enddocument detected (standard20110627).
Package: atbegshi 2011/10/05 v1.16 At begin shipout hook (HO)
Package: refcount 2011/10/16 v3.4 Data extraction from label references (HO)
Package: hycolor 2011/01/30 v1.7 Color options for hyperref/bookmark (HO)
)
("C:\Program Files\MiKTeX 2.9\tex\latex\oberdiek\auxhook.sty"
Package: auxhook 2011/03/04 v1.3 Hooks for auxiliary files (HO)
)
("C:\Program Files\MiKTeX 2.9\tex\latex\oberdiek\kvoptions.sty"
Package: kvoptions 2011/06/30 v3.11 Key value format for package options (HO)
)
\@linkdim=\dimen161
\Hy@linkcounter=\count118
\Hy@pagecounter=\count119

("C:\Program Files\MiKTeX 2.9\tex\latex\hyperref\pd1enc.def"
File: pd1enc.def 2012/11/06 v6.83m Hyperref: PDFDocEncoding definition (HO)
)
\Hy@SavedSpaceFactor=\count120

("C:\Program Files\MiKTeX 2.9\tex\latex\00miktex\hyperref.cfg"
File: hyperref.cfg 2002/06/06 v1.2 hyperref configuration of TeXLive
)
Package hyperref Info: Option `bookmarks' set `true' on input line 4319.
Package hyperref Info: Option `bookmarksopen' set `true' on input line 4319.
Package hyperref Info: Option `implicit' set `false' on input line 4319.
Package hyperref Info: Hyper figures OFF on input line 4443.
Package hyperref Info: Link nesting OFF on input line 4448.
Package hyperref Info: Hyper index ON on input line 4451.
Package hyperref Info: Plain pages OFF on input line 4458.
Package hyperref Info: Backreferencing OFF on input line 4463.
Package hyperref Info: Implicit mode OFF; no redefinition of LaTeX internals.
Package hyperref Info: Bookmarks ON on input line 4688.
\c@Hy@tempcnt=\count121

("C:\Program Files\MiKTeX 2.9\tex\latex\ltxmisc\url.sty"
\Urlmuskip=\muskip10
Package: url 2006/04/12  ver 3.3  Verb mode for urls, etc.
)
LaTeX Info: Redefining \url on input line 5041.
\XeTeXLinkMargin=\dimen162
\Fld@menulength=\count122
\Field@Width=\dimen163
\Fld@charsize=\dimen164
Package hyperref Info: Hyper figures OFF on input line 6295.
Package hyperref Info: Link nesting OFF on input line 6300.
Package hyperref Info: Hyper index ON on input line 6303.
Package hyperref Info: backreferencing OFF on input line 6310.
Package hyperref Info: Link coloring OFF on input line 6315.
Package hyperref Info: Link coloring with OCG OFF on input line 6320.
Package hyperref Info: PDF/A mode OFF on input line 6325.
LaTeX Info: Redefining \ref on input line 6365.
LaTeX Info: Redefining \pageref on input line 6369.
\Hy@abspage=\count123


Package hyperref Message: Stopped early.

)

Package hyperref Message: Driver (autodetected): hpdftex.

("C:\Program Files\MiKTeX 2.9\tex\latex\hyperref\hpdftex.def"
File: hpdftex.def 2012/11/06 v6.83m Hyperref driver for pdfTeX
\Fld@listcount=\count124
\c@bookmark@seq@number=\count125

("C:\Program Files\MiKTeX 2.9\tex\latex\oberdiek\rerunfilecheck.sty"
Package: rerunfilecheck 2011/04/15 v1.7 Rerun checks for auxiliary files (HO)
Package uniquecounter Info: New unique counter `rerunfilecheck' on input line 2
82.
))
(C:\Users\mbeck\AppData\Roaming\MiKTeX\2.9\tex\latex\beamer\base\beamerbaserequ
ires.sty
Package: beamerbaserequires 2010/05/01  (rcs-revision efa082c6111d)

(C:\Users\mbeck\AppData\Roaming\MiKTeX\2.9\tex\latex\beamer\base\beamerbasecomp
atibility.sty
Package: beamerbasecompatibility 2012/05/01  (rcs-revision 67c48b3b652d)
)
(C:\Users\mbeck\AppData\Roaming\MiKTeX\2.9\tex\latex\beamer\base\beamerbasefont
.sty
Package: beamerbasefont 2013/06/04  (rcs-revision e18016724886)
 ("C:\Program Files\MiKTeX 2.9\tex\latex\amsfonts\amssymb.sty"
Package: amssymb 2013/01/14 v3.01 AMS font symbols

("C:\Program Files\MiKTeX 2.9\tex\latex\amsfonts\amsfonts.sty"
Package: amsfonts 2013/01/14 v3.01 Basic AMSFonts support
\@emptytoks=\toks23
\symAMSa=\mathgroup4
\symAMSb=\mathgroup5
LaTeX Font Info:    Overwriting math alphabet `\mathfrak' in version `bold'
(Font)                  U/euf/m/n --> U/euf/b/n on input line 106.
)))
(C:\Users\mbeck\AppData\Roaming\MiKTeX\2.9\tex\latex\beamer\base\beamerbasetran
slator.sty
Package: beamerbasetranslator 2010/06/11  (rcs-revision 85fd1cc7fc42)

(C:\Users\mbeck\AppData\Roaming\MiKTeX\2.9\tex\latex\beamer\base\translator\tra
nslator.sty
Package: translator 2010/06/12 ver 1.10

(C:\Users\mbeck\AppData\Roaming\MiKTeX\2.9\tex\latex\beamer\base\translator\tra
nslator-language-mappings.tex)))
(C:\Users\mbeck\AppData\Roaming\MiKTeX\2.9\tex\latex\beamer\base\beamerbasemisc
.sty
Package: beamerbasemisc 2012/02/24  (rcs-revision 2ff5461be705)
)
(C:\Users\mbeck\AppData\Roaming\MiKTeX\2.9\tex\latex\beamer\base\beamerbasetwos
creens.sty
Package: beamerbasetwoscreens 2010/05/01  (rcs-revision efa082c6111d)
)
(C:\Users\mbeck\AppData\Roaming\MiKTeX\2.9\tex\latex\beamer\base\beamerbaseover
lay.sty
Package: beamerbaseoverlay 2012/11/11  (rcs-revision 6afbc49b1109)
\beamer@argscount=\count126
\beamer@lastskipcover=\skip44
\beamer@trivlistdepth=\count127
)
(C:\Users\mbeck\AppData\Roaming\MiKTeX\2.9\tex\latex\beamer\base\beamerbasetitl
e.sty
Package: beamerbasetitle 2010/09/21  (rcs-revision f0446ed0b6ae)
)
(C:\Users\mbeck\AppData\Roaming\MiKTeX\2.9\tex\latex\beamer\base\beamerbasesect
ion.sty
Package: beamerbasesection 2013/06/07  (rcs-revision 60b9fe0f342f)
\c@lecture=\count128
\c@part=\count129
\c@section=\count130
\c@subsection=\count131
\c@subsubsection=\count132
)
(C:\Users\mbeck\AppData\Roaming\MiKTeX\2.9\tex\latex\beamer\base\beamerbasefram
e.sty
Package: beamerbaseframe 2013/03/31  (rcs-revision edcfd2d0f22d)
\beamer@framebox=\box40
\beamer@frametitlebox=\box41
\beamer@zoombox=\box42
\beamer@zoomcount=\count133
\beamer@zoomframecount=\count134
\beamer@frametextheight=\dimen165
\c@subsectionslide=\count135
\beamer@frametopskip=\skip45
\beamer@framebottomskip=\skip46
\beamer@frametopskipautobreak=\skip47
\beamer@framebottomskipautobreak=\skip48
\beamer@envbody=\toks24
\framewidth=\dimen166
\c@framenumber=\count136
)
(C:\Users\mbeck\AppData\Roaming\MiKTeX\2.9\tex\latex\beamer\base\beamerbaseverb
atim.sty
Package: beamerbaseverbatim 2012/08/30  (rcs-revision dfdb135076b3)
\beamer@verbatimfileout=\write4
)
(C:\Users\mbeck\AppData\Roaming\MiKTeX\2.9\tex\latex\beamer\base\beamerbasefram
esize.sty
Package: beamerbaseframesize 2011/09/12  (rcs-revision 70f9d8411e54)
\beamer@splitbox=\box43
\beamer@autobreakcount=\count137
\beamer@autobreaklastheight=\dimen167
\beamer@frametitletoks=\toks25
\beamer@framesubtitletoks=\toks26
)
(C:\Users\mbeck\AppData\Roaming\MiKTeX\2.9\tex\latex\beamer\base\beamerbasefram
ecomponents.sty
Package: beamerbaseframecomponents 2012/09/13  (rcs-revision dcd846607320)
\beamer@footins=\box44
)
(C:\Users\mbeck\AppData\Roaming\MiKTeX\2.9\tex\latex\beamer\base\beamerbasecolo
r.sty
Package: beamerbasecolor 2010/06/06  (rcs-revision d1a9b48be06d)
)
(C:\Users\mbeck\AppData\Roaming\MiKTeX\2.9\tex\latex\beamer\base\beamerbasenote
s.sty
Package: beamerbasenotes 2012/12/19  (rcs-revision 1686da3db3c9)
\beamer@frameboxcopy=\box45
)
(C:\Users\mbeck\AppData\Roaming\MiKTeX\2.9\tex\latex\beamer\base\beamerbasetoc.
sty
Package: beamerbasetoc 2013/05/23  (rcs-revision 0fdf5bc43be8)
)
(C:\Users\mbeck\AppData\Roaming\MiKTeX\2.9\tex\latex\beamer\base\beamerbasetemp
lates.sty
Package: beamerbasetemplates 2010/05/01  (rcs-revision efa082c6111d)
\beamer@sbttoks=\toks27

(C:\Users\mbeck\AppData\Roaming\MiKTeX\2.9\tex\latex\beamer\base\beamerbaseauxt
emplates.sty
Package: beamerbaseauxtemplates 2013/02/02  (rcs-revision f179744ff1e3)

(C:\Users\mbeck\AppData\Roaming\MiKTeX\2.9\tex\latex\beamer\base\beamerbaseboxe
s.sty
Package: beamerbaseboxes 2012/05/13  (rcs-revision 56972908a390)
\bmb@box=\box46
\bmb@colorbox=\box47
\bmb@boxshadow=\box48
\bmb@boxshadowball=\box49
\bmb@boxshadowballlarge=\box50
\bmb@temp=\dimen168
\bmb@dima=\dimen169
\bmb@dimb=\dimen170
\bmb@prevheight=\dimen171
)
\beamer@blockheadheight=\dimen172
))
(C:\Users\mbeck\AppData\Roaming\MiKTeX\2.9\tex\latex\beamer\base\beamerbaseloca
lstructure.sty
Package: beamerbaselocalstructure 2012/11/13  (rcs-revision ddfba79dac19)
 ("C:\Program Files\MiKTeX 2.9\tex\latex\tools\enumerate.sty"
Package: enumerate 1999/03/05 v3.00 enumerate extensions (DPC)
\@enLab=\toks28
)
\c@figure=\count138
\c@table=\count139
\abovecaptionskip=\skip49
\belowcaptionskip=\skip50
)
(C:\Users\mbeck\AppData\Roaming\MiKTeX\2.9\tex\latex\beamer\base\beamerbasenavi
gation.sty
Package: beamerbasenavigation 2013/04/04  (rcs-revision 905a39e12b38)
\beamer@section@min@dim=\dimen173
)
(C:\Users\mbeck\AppData\Roaming\MiKTeX\2.9\tex\latex\beamer\base\beamerbasetheo
rems.sty
Package: beamerbasetheorems 2010/06/06  (rcs-revision 7e7cc5e53e9d)
 ("C:\Program Files\MiKTeX 2.9\tex\latex\amsmath\amsmath.sty"
Package: amsmath 2013/01/14 v2.14 AMS math features
\@mathmargin=\skip51

For additional information on amsmath, use the `?' option.
("C:\Program Files\MiKTeX 2.9\tex\latex\amsmath\amstext.sty"
Package: amstext 2000/06/29 v2.01

("C:\Program Files\MiKTeX 2.9\tex\latex\amsmath\amsgen.sty"
File: amsgen.sty 1999/11/30 v2.0
\@emptytoks=\toks29
\ex@=\dimen174
))
("C:\Program Files\MiKTeX 2.9\tex\latex\amsmath\amsbsy.sty"
Package: amsbsy 1999/11/29 v1.2d
\pmbraise@=\dimen175
)
("C:\Program Files\MiKTeX 2.9\tex\latex\amsmath\amsopn.sty"
Package: amsopn 1999/12/14 v2.01 operator names
)
\inf@bad=\count140
LaTeX Info: Redefining \frac on input line 210.
\uproot@=\count141
\leftroot@=\count142
LaTeX Info: Redefining \overline on input line 306.
\classnum@=\count143
\DOTSCASE@=\count144
LaTeX Info: Redefining \ldots on input line 378.
LaTeX Info: Redefining \dots on input line 381.
LaTeX Info: Redefining \cdots on input line 466.
\Mathstrutbox@=\box51
\strutbox@=\box52
\big@size=\dimen176
LaTeX Font Info:    Redeclaring font encoding OML on input line 566.
LaTeX Font Info:    Redeclaring font encoding OMS on input line 567.
\macc@depth=\count145
\c@MaxMatrixCols=\count146
\dotsspace@=\muskip11
\c@parentequation=\count147
\dspbrk@lvl=\count148
\tag@help=\toks30
\row@=\count149
\column@=\count150
\maxfields@=\count151
\andhelp@=\toks31
\eqnshift@=\dimen177
\alignsep@=\dimen178
\tagshift@=\dimen179
\tagwidth@=\dimen180
\totwidth@=\dimen181
\lineht@=\dimen182
\@envbody=\toks32
\multlinegap=\skip52
\multlinetaggap=\skip53
\mathdisplay@stack=\toks33
LaTeX Info: Redefining \[ on input line 2665.
LaTeX Info: Redefining \] on input line 2666.
)
("C:\Program Files\MiKTeX 2.9\tex\latex\amscls\amsthm.sty"
Package: amsthm 2004/08/06 v2.20
\thm@style=\toks34
\thm@bodyfont=\toks35
\thm@headfont=\toks36
\thm@notefont=\toks37
\thm@headpunct=\toks38
\thm@preskip=\skip54
\thm@postskip=\skip55
\thm@headsep=\skip56
\dth@everypar=\toks39
)
\c@theorem=\count152
)
(C:\Users\mbeck\AppData\Roaming\MiKTeX\2.9\tex\latex\beamer\base\beamerbasethem
es.sty
Package: beamerbasethemes 2010/05/01  (rcs-revision efa082c6111d)
))
(C:\Users\mbeck\AppData\Roaming\MiKTeX\2.9\tex\latex\beamer\base\themes\theme\b
eamerthemedefault.sty
Package: beamerthemedefault 2010/06/17  (rcs-revision d02a7cf4d8ae)

(C:\Users\mbeck\AppData\Roaming\MiKTeX\2.9\tex\latex\beamer\base\themes\font\be
amerfontthemedefault.sty
Package: beamerfontthemedefault 2012/12/19  (rcs-revision 1686da3db3c9)
)
(C:\Users\mbeck\AppData\Roaming\MiKTeX\2.9\tex\latex\beamer\base\themes\color\b
eamercolorthemedefault.sty
Package: beamercolorthemedefault 2012/12/19  (rcs-revision 1686da3db3c9)
)
(C:\Users\mbeck\AppData\Roaming\MiKTeX\2.9\tex\latex\beamer\base\themes\inner\b
eamerinnerthemedefault.sty
Package: beamerinnerthemedefault 2012/05/01  (rcs-revision 67c48b3b652d)
\beamer@dima=\dimen183
\beamer@dimb=\dimen184
)
(C:\Users\mbeck\AppData\Roaming\MiKTeX\2.9\tex\latex\beamer\base\themes\outer\b
eamerouterthemedefault.sty
Package: beamerouterthemedefault 2012/12/19  (rcs-revision 1686da3db3c9)
)))
(C:\Users\mbeck\AppData\Roaming\MiKTeX\2.9\tex\latex\framed\framed.sty
Package: framed 2011/10/22 v 0.96: framed or shaded text with page breaks
\OuterFrameSep=\skip57
\fb@frw=\dimen185
\fb@frh=\dimen186
\FrameRule=\dimen187
\FrameSep=\dimen188
)
("C:\Program Files\MiKTeX 2.9\tex\latex\base\alltt.sty"
Package: alltt 1997/06/16 v2.0g defines alltt environment
)
(C:\Users\mbeck\AppData\Roaming\MiKTeX\2.9\tex\latex\beamer\base\themes\theme\b
eamerthemeBoadilla.sty
Package: beamerthemeBoadilla 2010/06/17  (rcs-revision d02a7cf4d8ae)

(C:\Users\mbeck\AppData\Roaming\MiKTeX\2.9\tex\latex\beamer\base\themes\color\b
eamercolorthemerose.sty
Package: beamercolorthemerose 2010/06/17  (rcs-revision d02a7cf4d8ae)
)
(C:\Users\mbeck\AppData\Roaming\MiKTeX\2.9\tex\latex\beamer\base\themes\inner\b
eamerinnerthemerounded.sty
Package: beamerinnerthemerounded 2010/06/17  (rcs-revision d02a7cf4d8ae)
)
(C:\Users\mbeck\AppData\Roaming\MiKTeX\2.9\tex\latex\beamer\base\themes\color\b
eamercolorthemedolphin.sty
Package: beamercolorthemedolphin 2010/06/17  (rcs-revision d02a7cf4d8ae)
)
(C:\Users\mbeck\AppData\Roaming\MiKTeX\2.9\tex\latex\beamer\base\themes\outer\b
eamerouterthemeinfolines.sty
Package: beamerouterthemeinfolines 2012/10/16  (rcs-revision 51a8c72084af)
)) (M:\presentations\wqtrends_pres\animate.sty
Package: animate 2010/09/28 PDF animations from files and inline graphics

("C:\Program Files\MiKTeX 2.9\tex\latex\base\ifthen.sty"
Package: ifthen 2001/05/26 v1.1c Standard LaTeX ifthen package (DPC)
)
("C:\Program Files\MiKTeX 2.9\tex\latex\oberdiek\ifdraft.sty"
Package: ifdraft 2008/08/11 v1.3 Detect class options draft and final (HO)
)
("C:\Program Files\MiKTeX 2.9\tex\latex\tools\calc.sty"
Package: calc 2007/08/22 v4.3 Infix arithmetic (KKT,FJ)
\calc@Acount=\count153
\calc@Bcount=\count154
\calc@Adimen=\dimen189
\calc@Bdimen=\dimen190
\calc@Askip=\skip58
\calc@Bskip=\skip59
LaTeX Info: Redefining \setlength on input line 76.
LaTeX Info: Redefining \addtolength on input line 77.
\calc@Ccount=\count155
\calc@Cskip=\skip60
)
(M:\presentations\wqtrends_pres\animfp.sty
Package: animfp 2009/07/23 fixed point addition for animate.sty
\afp@xs=\count156
\afp@xia=\count157
\afp@xib=\count158
\afp@xfa=\count159
\afp@xfb=\count160
\afp@rega=\count161
\afp@regb=\count162
\afp@regs=\count163
)
(C:\Users\mbeck\AppData\Roaming\MiKTeX\2.9\tex\context\base\supp-pdf.mkii
[Loading MPS to PDF converter (version 2006.09.02).]
\scratchcounter=\count164
\scratchdimen=\dimen191
\scratchbox=\box53
\nofMPsegments=\count165
\nofMParguments=\count166
\everyMPshowfont=\toks40
\MPscratchCnt=\count167
\MPscratchDim=\dimen192
\MPnumerator=\count168
\makeMPintoPDFobject=\count169
\everyMPtoPDFconversion=\toks41
)
\@anim@@fields=\count170
\@anim@@ocgs=\count171
\@anim@@posterocgs=\count172
\@anim@box=\box54
\@anim@tmpdima=\dimen193
\@anim@tmpdimb=\dimen194
\@anim@num=\count173
\@anim@curframe=\count174
\@anim@curframe@zb=\count175
\@anim@resize=\count176
\@anim@skipfram=\count177
\@anim@mulframecnt=\count178
\@anim@@tmlnfile=\read2
\@anim@tmpcnt=\count179
\c@@anim@tmpcnt=\count180
\@anim@curlayer=\count181
\@anim@lineno=\count182
\@anim@begin=\toks42
\@anim@end=\toks43
) (C:\Users\mbeck\AppData\Roaming\MiKTeX\2.9\tex\latex\mh\breqn.sty
(C:\Users\mbeck\AppData\Roaming\MiKTeX\2.9\tex\latex\l3kernel\expl3.sty
(C:\Users\mbeck\AppData\Roaming\MiKTeX\2.9\tex\latex\l3kernel\l3names.sty
(C:\Users\mbeck\AppData\Roaming\MiKTeX\2.9\tex\latex\l3kernel\l3bootstrap.sty
Package: l3bootstrap 2013/07/28 v4581 L3 Experimental bootstrap code
)
Package: l3names 2012/12/07 v4346 L3 Namespace for primitives
) ("C:\Program Files\MiKTeX 2.9\tex\latex\misc\etex.sty"
Package: etex 1998/03/26 v2.0 eTeX basic definition package (PEB)
\et@xins=\count183
)
Package: expl3 2013/07/28 v4582 L3 Experimental code bundle wrapper

(C:\Users\mbeck\AppData\Roaming\MiKTeX\2.9\tex\latex\l3kernel\l3basics.sty
Package: l3basics 2013/07/28 v4581 L3 Basic definitions
)
(C:\Users\mbeck\AppData\Roaming\MiKTeX\2.9\tex\latex\l3kernel\l3expan.sty
Package: l3expan 2013/07/24 v4565 L3 Argument expansion
)
(C:\Users\mbeck\AppData\Roaming\MiKTeX\2.9\tex\latex\l3kernel\l3tl.sty
Package: l3tl 2013/07/28 v4581 L3 Token lists
)
(C:\Users\mbeck\AppData\Roaming\MiKTeX\2.9\tex\latex\l3kernel\l3seq.sty
Package: l3seq 2013/07/28 v4581 L3 Sequences and stacks
)
(C:\Users\mbeck\AppData\Roaming\MiKTeX\2.9\tex\latex\l3kernel\l3int.sty
Package: l3int 2013/07/28 v4581 L3 Integers
\c_max_int=\count184
\l_tmpa_int=\count185
\l_tmpb_int=\count186
\g_tmpa_int=\count187
\g_tmpb_int=\count188
)
(C:\Users\mbeck\AppData\Roaming\MiKTeX\2.9\tex\latex\l3kernel\l3quark.sty
Package: l3quark 2013/07/21 v4564 L3 Quarks
)
(C:\Users\mbeck\AppData\Roaming\MiKTeX\2.9\tex\latex\l3kernel\l3prg.sty
Package: l3prg 2013/07/28 v4581 L3 Control structures
\g__prg_map_int=\count189
)
(C:\Users\mbeck\AppData\Roaming\MiKTeX\2.9\tex\latex\l3kernel\l3clist.sty
Package: l3clist 2013/07/28 v4581 L3 Comma separated lists
)
(C:\Users\mbeck\AppData\Roaming\MiKTeX\2.9\tex\latex\l3kernel\l3token.sty
Package: l3token 2013/07/28 v4581 L3 Experimental token manipulation
)
(C:\Users\mbeck\AppData\Roaming\MiKTeX\2.9\tex\latex\l3kernel\l3prop.sty
Package: l3prop 2013/07/28 v4581 L3 Property lists
)
(C:\Users\mbeck\AppData\Roaming\MiKTeX\2.9\tex\latex\l3kernel\l3msg.sty
Package: l3msg 2013/07/28 v4581 L3 Messages
)
(C:\Users\mbeck\AppData\Roaming\MiKTeX\2.9\tex\latex\l3kernel\l3file.sty
Package: l3file 2013/07/28 v4581 L3 File and I/O operations
\l_iow_line_count_int=\count190
\l__iow_target_count_int=\count191
\l__iow_current_line_int=\count192
\l__iow_current_word_int=\count193
\l__iow_current_indentation_int=\count194
)
(C:\Users\mbeck\AppData\Roaming\MiKTeX\2.9\tex\latex\l3kernel\l3skip.sty
Package: l3skip 2013/07/28 v4581 L3 Dimensions and skips
\c_zero_dim=\dimen195
\c_max_dim=\dimen196
\l_tmpa_dim=\dimen197
\l_tmpb_dim=\dimen198
\g_tmpa_dim=\dimen199
\g_tmpb_dim=\dimen200
\c_zero_skip=\skip61
\c_max_skip=\skip62
\l_tmpa_skip=\skip63
\l_tmpb_skip=\skip64
\g_tmpa_skip=\skip65
\g_tmpb_skip=\skip66
\c_zero_muskip=\muskip12
\c_max_muskip=\muskip13
\l_tmpa_muskip=\muskip14
\l_tmpb_muskip=\muskip15
\g_tmpa_muskip=\muskip16
\g_tmpb_muskip=\muskip17
)
(C:\Users\mbeck\AppData\Roaming\MiKTeX\2.9\tex\latex\l3kernel\l3keys.sty
Package: l3keys 2013/07/28 v4581 L3 Experimental key-value interfaces
\g__keyval_level_int=\count195
\l_keys_choice_int=\count196
)
(C:\Users\mbeck\AppData\Roaming\MiKTeX\2.9\tex\latex\l3kernel\l3fp.sty
Package: l3fp 2013/07/09 v4521 L3 Floating points
\c__fp_leading_shift_int=\count197
\c__fp_middle_shift_int=\count198
\c__fp_trailing_shift_int=\count199
\c__fp_big_leading_shift_int=\count200
\c__fp_big_middle_shift_int=\count201
Normal \count register pool exhausted, switching to extended pool.
\c__fp_big_trailing_shift_int=\count277
\c__fp_Bigg_leading_shift_int=\count278
\c__fp_Bigg_middle_shift_int=\count279
\c__fp_Bigg_trailing_shift_int=\count280
)
(C:\Users\mbeck\AppData\Roaming\MiKTeX\2.9\tex\latex\l3kernel\l3box.sty
Package: l3box 2013/07/28 v4581 L3 Experimental boxes
\c_empty_box=\box55
\l_tmpa_box=\box56
\l_tmpb_box=\box57
\g_tmpa_box=\box58
\g_tmpb_box=\box59
)
(C:\Users\mbeck\AppData\Roaming\MiKTeX\2.9\tex\latex\l3kernel\l3coffins.sty
Package: l3coffins 2012/09/09 v4212 L3 Coffin code layer
\l__coffin_internal_box=\box60
\l__coffin_internal_dim=\dimen201
Normal \dimen register pool exhausted, switching to extended pool.
\l__coffin_offset_x_dim=\dimen256
\l__coffin_offset_y_dim=\dimen257
\l__coffin_x_dim=\dimen258
\l__coffin_y_dim=\dimen259
\l__coffin_x_prime_dim=\dimen260
\l__coffin_y_prime_dim=\dimen261
\c_empty_coffin=\box61
\l__coffin_aligned_coffin=\box62
\l__coffin_aligned_internal_coffin=\box63
\l_tmpa_coffin=\box64
\l_tmpb_coffin=\box65
\l__coffin_display_coffin=\box66
\l__coffin_display_coord_coffin=\box67
\l__coffin_display_pole_coffin=\box68
\l__coffin_display_offset_dim=\dimen262
\l__coffin_display_x_dim=\dimen263
\l__coffin_display_y_dim=\dimen264
)
(C:\Users\mbeck\AppData\Roaming\MiKTeX\2.9\tex\latex\l3kernel\l3color.sty
Package: l3color 2012/08/29 v4156 L3 Experimental color support
)
(C:\Users\mbeck\AppData\Roaming\MiKTeX\2.9\tex\latex\l3kernel\l3luatex.sty
Package: l3luatex 2013/07/28 v4581 L3 Experimental LuaTeX-specific functions
\g__cctab_allocate_int=\count281
\g__cctab_stack_int=\count282
)
(C:\Users\mbeck\AppData\Roaming\MiKTeX\2.9\tex\latex\l3kernel\l3candidates.sty
Package: l3candidates 2013/07/24 v4576 L3 Experimental additions to l3kernel
\l__box_top_dim=\dimen265
\l__box_bottom_dim=\dimen266
\l__box_left_dim=\dimen267
\l__box_right_dim=\dimen268
\l__box_top_new_dim=\dimen269
\l__box_bottom_new_dim=\dimen270
\l__box_left_new_dim=\dimen271
\l__box_right_new_dim=\dimen272
\l__box_internal_box=\box69
\l__coffin_bounding_shift_dim=\dimen273
\l__coffin_left_corner_dim=\dimen274
\l__coffin_right_corner_dim=\dimen275
\l__coffin_bottom_corner_dim=\dimen276
\l__coffin_top_corner_dim=\dimen277
\l__coffin_scaled_total_height_dim=\dimen278
\l__coffin_scaled_width_dim=\dimen279
))
Package: breqn 2012/05/10 v0.98b Breaking equations
 (C:\Users\mbeck\AppData\Roaming\MiKTeX\2.9\tex\latex\mh\flexisym.sty
Package: flexisym 2013/03/16 v0.97c Make math characters macros
LaTeX Info: Redefining \textprime on input line 296.
LaTeX Info: Redefining \not on input line 354.

(C:\Users\mbeck\AppData\Roaming\MiKTeX\2.9\tex\latex\mh\cmbase.sym
File: cmbase.sym 2007/12/19 v0.92
LaTeX Info: Redefining \hbar on input line 323.
LaTeX Info: Redefining \surd on input line 325.
LaTeX Info: Redefining \angle on input line 333.
LaTeX Info: Redefining \neq on input line 334.
LaTeX Info: Redefining \mapsto on input line 335.
LaTeX Info: Redefining \cong on input line 336.
LaTeX Info: Redefining \notin on input line 339.
LaTeX Info: Redefining \rightleftharpoons on input line 340.
LaTeX Info: Redefining \doteq on input line 341.
LaTeX Info: Redefining \hookrightarrow on input line 342.
LaTeX Info: Redefining \hookleftarrow on input line 343.
LaTeX Info: Redefining \bowtie on input line 344.
LaTeX Info: Redefining \models on input line 345.
LaTeX Info: Redefining \Longrightarrow on input line 346.
LaTeX Info: Redefining \longrightarrow on input line 347.
LaTeX Info: Redefining \Longleftarrow on input line 348.
LaTeX Info: Redefining \longleftarrow on input line 349.
LaTeX Info: Redefining \longmapsto on input line 350.
LaTeX Info: Redefining \longleftrightarrow on input line 351.
LaTeX Info: Redefining \Longleftrightarrow on input line 352.
LaTeX Info: Redefining \cdots on input line 356.
LaTeX Info: Redefining \vdots on input line 359.
LaTeX Info: Redefining \ddots on input line 364.
)
(C:\Users\mbeck\AppData\Roaming\MiKTeX\2.9\tex\latex\mh\mathstyle.sty
Package: mathstyle 2011/08/03 v0.90 Tracking mathstyle implicitly
LaTeX Info: Redefining \displaystyle on input line 81.
LaTeX Info: Redefining \textstyle on input line 83.
LaTeX Info: Redefining \scriptstyle on input line 85.
LaTeX Info: Redefining \scriptscriptstyle on input line 87.
LaTeX Info: Redefining \genfrac on input line 121.
))
\inf@bad=\count283
\maxint=\count284
\listwidth=\dimen280
\eqnumsep=\dimen281
\eqmargin=\dimen282
\eqlinespacing=\skip67
\eqlineskip=\skip68
\eqlineskiplimit=\dimen283
\eqbinoffset=\muskip18
\eqdelimoffset=\muskip19
\eqindentstep=\dimen284
\eqstyle=\toks44
\eqbreakdepth=\count285
\eqinterlinepenalty=\count286
\intereqpenalty=\count287
\intereqskip=\skip69
\prerelpenalty=\count288
\prebinoppenalty=\count289
\Dmedmuskip=\muskip20
\Dthickmuskip=\muskip21
\eqleftskip=\skip70
\eqrightskip=\skip71
\eq@vspan=\skip72
\eq@binoffset=\muskip22
\EQ@box=\box70
\EQ@copy=\box71
\EQ@numbox=\box72
\eq@wdNum=\dimen285
\GRP@numbox=\box73
\grp@wdNum=\dimen286
\eq@lines=\count290
\eq@curline=\count291
\eq@badness=\count292
\EQ@vims=\count293
\eq@dp=\dimen287
\eq@wdL=\dimen288
\eq@wdT=\dimen289
\eq@wdMin=\dimen290
\grp@wdL=\dimen291
\grp@wdR=\dimen292
\grp@wdT=\dimen293
\eq@wdRmax=\dimen294
\eq@firstht=\dimen295
\eq@wdCond=\dimen296
\eq@indentstep=\dimen297
\eq@linewidth=\dimen298
\grp@linewidth=\dimen299
\eq@hshift=\dimen300
\eq@given@sidespace=\dimen301
\mathindent=\dimen302
\eq@final@linecount=\count294
\eq@wdR=\dimen303
\EQ@continue=\toks45
\lr@level=\count295
\GRP@queue=\toks46
\GRP@box=\box74
\GRP@wholebox=\box75
\darraycolsep=\skip73
\cur@row=\count296
\cur@col=\count297
\conditionsep=\skip74
)
(C:\Users\mbeck\AppData\Roaming\MiKTeX\2.9\tex\latex\booktabs\booktabs.sty
Package: booktabs 2005/04/14 v1.61803 publication quality tables
\heavyrulewidth=\dimen304
\lightrulewidth=\dimen305
\cmidrulewidth=\dimen306
\belowrulesep=\dimen307
\belowbottomsep=\dimen308
\aboverulesep=\dimen309
\abovetopsep=\dimen310
\cmidrulesep=\dimen311
\cmidrulekern=\dimen312
\defaultaddspace=\dimen313
\@cmidla=\count298
\@cmidlb=\count299
\@aboverulesep=\dimen314
\@belowrulesep=\dimen315
\@thisruleclass=\count300
\@lastruleclass=\count301
\@thisrulewidth=\dimen316
)
(C:\Users\mbeck\AppData\Roaming\MiKTeX\2.9\tex\latex\pgf\frontendlayer\tikz.sty
(C:\Users\mbeck\AppData\Roaming\MiKTeX\2.9\tex\latex\pgf\basiclayer\pgf.sty
Package: pgf 2008/01/15 v2.10 (rcs-revision 1.12)

(C:\Users\mbeck\AppData\Roaming\MiKTeX\2.9\tex\generic\pgf\modules\pgfmodulesha
pes.code.tex
File: pgfmoduleshapes.code.tex 2010/09/09  (rcs-revision 1.13)
\pgfnodeparttextbox=\box76
)
(C:\Users\mbeck\AppData\Roaming\MiKTeX\2.9\tex\generic\pgf\modules\pgfmoduleplo
t.code.tex
File: pgfmoduleplot.code.tex 2010/10/22  (rcs-revision 1.8)
)
(C:\Users\mbeck\AppData\Roaming\MiKTeX\2.9\tex\latex\pgf\compatibility\pgfcomp-
version-0-65.sty
Package: pgfcomp-version-0-65 2007/07/03 v2.10 (rcs-revision 1.7)
\pgf@nodesepstart=\dimen317
\pgf@nodesepend=\dimen318
)
(C:\Users\mbeck\AppData\Roaming\MiKTeX\2.9\tex\latex\pgf\compatibility\pgfcomp-
version-1-18.sty
Package: pgfcomp-version-1-18 2007/07/23 v2.10 (rcs-revision 1.1)
))
(C:\Users\mbeck\AppData\Roaming\MiKTeX\2.9\tex\latex\pgf\utilities\pgffor.sty
(C:\Users\mbeck\AppData\Roaming\MiKTeX\2.9\tex\latex\pgf\utilities\pgfkeys.sty
(C:\Users\mbeck\AppData\Roaming\MiKTeX\2.9\tex\generic\pgf\utilities\pgfkeys.co
de.tex))
(C:\Users\mbeck\AppData\Roaming\MiKTeX\2.9\tex\generic\pgf\utilities\pgffor.cod
e.tex
Package: pgffor 2010/03/23 v2.10 (rcs-revision 1.18)
\pgffor@iter=\dimen319
\pgffor@skip=\dimen320
\pgffor@stack=\toks47
\pgffor@toks=\toks48
))
(C:\Users\mbeck\AppData\Roaming\MiKTeX\2.9\tex\generic\pgf\frontendlayer\tikz\t
ikz.code.tex
Package: tikz 2010/10/13 v2.10 (rcs-revision 1.76)

(C:\Users\mbeck\AppData\Roaming\MiKTeX\2.9\tex\generic\pgf\libraries\pgflibrary
plothandlers.code.tex
File: pgflibraryplothandlers.code.tex 2010/05/31 v2.10 (rcs-revision 1.15)
\pgf@plot@mark@count=\count302
\pgfplotmarksize=\dimen321
)
\tikz@lastx=\dimen322
\tikz@lasty=\dimen323
\tikz@lastxsaved=\dimen324
\tikz@lastysaved=\dimen325
\tikzleveldistance=\dimen326
\tikzsiblingdistance=\dimen327
\tikz@figbox=\box77
\tikz@tempbox=\box78
\tikztreelevel=\count303
\tikznumberofchildren=\count304
\tikznumberofcurrentchild=\count305
\tikz@fig@count=\count306

(C:\Users\mbeck\AppData\Roaming\MiKTeX\2.9\tex\generic\pgf\modules\pgfmodulemat
rix.code.tex
File: pgfmodulematrix.code.tex 2010/08/24  (rcs-revision 1.4)
\pgfmatrixcurrentrow=\count307
\pgfmatrixcurrentcolumn=\count308
\pgf@matrix@numberofcolumns=\count309
)
\tikz@expandcount=\count310

(C:\Users\mbeck\AppData\Roaming\MiKTeX\2.9\tex\generic\pgf\frontendlayer\tikz\l
ibraries\tikzlibrarytopaths.code.tex
File: tikzlibrarytopaths.code.tex 2008/06/17 v2.10 (rcs-revision 1.2)
)))
(C:\Users\mbeck\AppData\Roaming\MiKTeX\2.9\tex\generic\pgf\frontendlayer\tikz\l
ibraries\tikzlibrarydecorations.pathreplacing.code.tex
(C:\Users\mbeck\AppData\Roaming\MiKTeX\2.9\tex\generic\pgf\frontendlayer\tikz\l
ibraries\tikzlibrarydecorations.code.tex
(C:\Users\mbeck\AppData\Roaming\MiKTeX\2.9\tex\generic\pgf\modules\pgfmoduledec
orations.code.tex
\pgfdecoratedcompleteddistance=\dimen328
\pgfdecoratedremainingdistance=\dimen329
\pgfdecoratedinputsegmentcompleteddistance=\dimen330
\pgfdecoratedinputsegmentremainingdistance=\dimen331
\pgf@decorate@distancetomove=\dimen332
\pgf@decorate@repeatstate=\count311
\pgfdecorationsegmentamplitude=\dimen333
\pgfdecorationsegmentlength=\dimen334
)
\tikz@lib@dec@box=\box79
)
(C:\Users\mbeck\AppData\Roaming\MiKTeX\2.9\tex\generic\pgf\libraries\decoration
s\pgflibrarydecorations.pathreplacing.code.tex))
(C:\Users\mbeck\AppData\Roaming\MiKTeX\2.9\tex\generic\pgf\frontendlayer\tikz\l
ibraries\tikzlibraryshapes.code.tex
File: tikzlibraryshapes.code.tex 2008/01/09 v2.10 (rcs-revision 1.1)

(C:\Users\mbeck\AppData\Roaming\MiKTeX\2.9\tex\generic\pgf\frontendlayer\tikz\l
ibraries\tikzlibraryshapes.geometric.code.tex
File: tikzlibraryshapes.geometric.code.tex 2008/01/09 v2.10 (rcs-revision 1.1)

(C:\Users\mbeck\AppData\Roaming\MiKTeX\2.9\tex\generic\pgf\libraries\shapes\pgf
libraryshapes.geometric.code.tex
File: pgflibraryshapes.geometric.code.tex 2008/06/26 v2.10 (rcs-revision 1.1)
))
(C:\Users\mbeck\AppData\Roaming\MiKTeX\2.9\tex\generic\pgf\frontendlayer\tikz\l
ibraries\tikzlibraryshapes.misc.code.tex
File: tikzlibraryshapes.misc.code.tex 2008/01/09 v2.10 (rcs-revision 1.1)

(C:\Users\mbeck\AppData\Roaming\MiKTeX\2.9\tex\generic\pgf\libraries\shapes\pgf
libraryshapes.misc.code.tex
File: pgflibraryshapes.misc.code.tex 2008/10/07 v2.10 (rcs-revision 1.3)
))
(C:\Users\mbeck\AppData\Roaming\MiKTeX\2.9\tex\generic\pgf\frontendlayer\tikz\l
ibraries\tikzlibraryshapes.symbols.code.tex
File: tikzlibraryshapes.symbols.code.tex 2008/01/09 v2.10 (rcs-revision 1.1)

(C:\Users\mbeck\AppData\Roaming\MiKTeX\2.9\tex\generic\pgf\libraries\shapes\pgf
libraryshapes.symbols.code.tex
File: pgflibraryshapes.symbols.code.tex 2009/10/27 v2.10 (rcs-revision 1.3)
))
(C:\Users\mbeck\AppData\Roaming\MiKTeX\2.9\tex\generic\pgf\frontendlayer\tikz\l
ibraries\tikzlibraryshapes.arrows.code.tex
File: tikzlibraryshapes.arrows.code.tex 2008/01/09 v2.10 (rcs-revision 1.1)

(C:\Users\mbeck\AppData\Roaming\MiKTeX\2.9\tex\generic\pgf\libraries\shapes\pgf
libraryshapes.arrows.code.tex
File: pgflibraryshapes.arrows.code.tex 2008/06/26 v2.10 (rcs-revision 1.1)
))
(C:\Users\mbeck\AppData\Roaming\MiKTeX\2.9\tex\generic\pgf\frontendlayer\tikz\l
ibraries\tikzlibraryshapes.callouts.code.tex
(C:\Users\mbeck\AppData\Roaming\MiKTeX\2.9\tex\generic\pgf\libraries\shapes\pgf
libraryshapes.callouts.code.tex))
(C:\Users\mbeck\AppData\Roaming\MiKTeX\2.9\tex\generic\pgf\frontendlayer\tikz\l
ibraries\tikzlibraryshapes.multipart.code.tex
File: tikzlibraryshapes.multipart.code.tex 2008/01/09 v2.10 (rcs-revision 1.1)

(C:\Users\mbeck\AppData\Roaming\MiKTeX\2.9\tex\generic\pgf\libraries\shapes\pgf
libraryshapes.multipart.code.tex
File: pgflibraryshapes.multipart.code.tex 2010/01/07 v2.10 (rcs-revision 1.2)
\pgfnodepartlowerbox=\box80
\pgfnodeparttwobox=\box81
\pgfnodepartthreebox=\box82
\pgfnodepartfourbox=\box83
\pgfnodeparttwentybox=\box84
\pgfnodepartnineteenbox=\box85
\pgfnodeparteighteenbox=\box86
\pgfnodepartseventeenbox=\box87
\pgfnodepartsixteenbox=\box88
\pgfnodepartfifteenbox=\box89
\pgfnodepartfourteenbox=\box90
\pgfnodepartthirteenbox=\box91
\pgfnodeparttwelvebox=\box92
\pgfnodepartelevenbox=\box93
\pgfnodeparttenbox=\box94
\pgfnodepartninebox=\box95
\pgfnodeparteightbox=\box96
\pgfnodepartsevenbox=\box97
\pgfnodepartsixbox=\box98
\pgfnodepartfivebox=\box99
)))
(C:\Users\mbeck\AppData\Roaming\MiKTeX\2.9\tex\generic\pgf\frontendlayer\tikz\l
ibraries\tikzlibraryarrows.code.tex
File: tikzlibraryarrows.code.tex 2008/01/09 v2.10 (rcs-revision 1.1)

(C:\Users\mbeck\AppData\Roaming\MiKTeX\2.9\tex\generic\pgf\libraries\pgflibrary
arrows.code.tex
File: pgflibraryarrows.code.tex 2008/10/27 v2.10 (rcs-revision 1.9)
\arrowsize=\dimen335
))
(C:\Users\mbeck\AppData\Roaming\MiKTeX\2.9\tex\generic\pgf\frontendlayer\tikz\l
ibraries\tikzlibrarypositioning.code.tex
File: tikzlibrarypositioning.code.tex 2008/10/06 v2.10 (rcs-revision 1.7)
)
(C:\Users\mbeck\AppData\Roaming\MiKTeX\2.9\tex\generic\pgf\frontendlayer\tikz\l
ibraries\tikzlibraryshadows.code.tex
File: tikzlibraryshadows.code.tex 2008/01/13 v2.10 (rcs-revision 1.3)

(C:\Users\mbeck\AppData\Roaming\MiKTeX\2.9\tex\generic\pgf\frontendlayer\tikz\l
ibraries\tikzlibraryfadings.code.tex
File: tikzlibraryfadings.code.tex 2009/11/15 v2.10 (rcs-revision 1.2)

(C:\Users\mbeck\AppData\Roaming\MiKTeX\2.9\tex\generic\pgf\libraries\pgflibrary
fadings.code.tex
File: pgflibraryfadings.code.tex 2008/02/07 v2.10 (rcs-revision 1.3)
)))
(C:\Users\mbeck\AppData\Roaming\MiKTeX\2.9\tex\latex\subfig\subfig.sty
Package: subfig 2005/06/28 ver: 1.3 subfig package

(C:\Users\mbeck\AppData\Roaming\MiKTeX\2.9\tex\latex\caption\caption.sty
Package: caption 2013/05/02 v3.3-89 Customizing captions (AR)

(C:\Users\mbeck\AppData\Roaming\MiKTeX\2.9\tex\latex\caption\caption3.sty
Package: caption3 2013/05/02 v1.6-88 caption3 kernel (AR)
Package caption3 Info: TeX engine: e-TeX on input line 57.
\captionmargin=\dimen336
\captionmargin@=\dimen337
\captionwidth=\dimen338
\caption@tempdima=\dimen339
\caption@indent=\dimen340
\caption@parindent=\dimen341
\caption@hangindent=\dimen342
)
\c@ContinuedFloat=\count312
Package caption Info: beamer document class.
Package caption Info: hyperref package is loaded.
Package caption Info: Hyperref support is turned off
(caption)             because hyperref has stopped early.
)
\c@KVtest=\count313
\sf@farskip=\skip75
\sf@captopadj=\dimen343
\sf@capskip=\skip76
\sf@nearskip=\skip77
\c@subfigure=\count314
\c@subfigure@save=\count315
\c@depth=\count316
\c@subtable=\count317
\c@subtable@save=\count318
\sf@top=\skip78
\sf@bottom=\skip79
)
(C:\Users\mbeck\AppData\Roaming\MiKTeX\2.9\tex\latex\upquote\upquote.sty
Package: upquote 2012/04/19 v1.3 upright-quote and grave-accent glyphs in verba
tim
)
(M:\presentations\wqtrends_pres\wqtrends_pres.aux)
LaTeX Font Info:    Checking defaults for OML/cmm/m/it on input line 94.
LaTeX Font Info:    ... okay on input line 94.
LaTeX Font Info:    Checking defaults for T1/cmr/m/n on input line 94.
LaTeX Font Info:    ... okay on input line 94.
LaTeX Font Info:    Checking defaults for OT1/cmr/m/n on input line 94.
LaTeX Font Info:    ... okay on input line 94.
LaTeX Font Info:    Checking defaults for OMS/cmsy/m/n on input line 94.
LaTeX Font Info:    ... okay on input line 94.
LaTeX Font Info:    Checking defaults for OMX/cmex/m/n on input line 94.
LaTeX Font Info:    ... okay on input line 94.
LaTeX Font Info:    Checking defaults for U/cmr/m/n on input line 94.
LaTeX Font Info:    ... okay on input line 94.
LaTeX Font Info:    Checking defaults for PD1/pdf/m/n on input line 94.
LaTeX Font Info:    ... okay on input line 94.

*geometry* driver: auto-detecting
*geometry* detected driver: pdftex
*geometry* verbose mode - [ preamble ] result:
* driver: pdftex
* paper: custom
* layout: <same size as paper>
* layoutoffset:(h,v)=(0.0pt,0.0pt)
* modes: includehead includefoot 
* h-part:(L,W,R)=(10.95003pt, 342.2953pt, 10.95003pt)
* v-part:(T,H,B)=(0.0pt, 273.14662pt, 0.0pt)
* \paperwidth=364.19536pt
* \paperheight=273.14662pt
* \textwidth=342.2953pt
* \textheight=244.6939pt
* \oddsidemargin=-61.31996pt
* \evensidemargin=-61.31996pt
* \topmargin=-72.26999pt
* \headheight=14.22636pt
* \headsep=0.0pt
* \topskip=11.0pt
* \footskip=14.22636pt
* \marginparwidth=4.0pt
* \marginparsep=10.0pt
* \columnsep=10.0pt
* \skip\footins=10.0pt plus 4.0pt minus 2.0pt
* \hoffset=0.0pt
* \voffset=0.0pt
* \mag=1000
* \@twocolumnfalse
* \@twosidefalse
* \@mparswitchfalse
* \@reversemarginfalse
* (1in=72.27pt=25.4mm, 1cm=28.453pt)

ABD: EveryShipout initializing macros
\AtBeginShipoutBox=\box100
Package hyperref Info: Link coloring OFF on input line 94.

("C:\Program Files\MiKTeX 2.9\tex\latex\hyperref\nameref.sty"
Package: nameref 2012/10/27 v2.43 Cross-referencing by name of section

("C:\Program Files\MiKTeX 2.9\tex\generic\oberdiek\gettitlestring.sty"
Package: gettitlestring 2010/12/03 v1.4 Cleanup title references (HO)
)
\c@section@level=\count319
)
LaTeX Info: Redefining \ref on input line 94.
LaTeX Info: Redefining \pageref on input line 94.
LaTeX Info: Redefining \nameref on input line 94.

(M:\presentations\wqtrends_pres\wqtrends_pres.out)
(M:\presentations\wqtrends_pres\wqtrends_pres.out)
\@outlinefile=\write5

(C:\Users\mbeck\AppData\Roaming\MiKTeX\2.9\tex\latex\beamer\base\translator\dic
ts\translator-basic-dictionary\translator-basic-dictionary-English.dict
Dictionary: translator-basic-dictionary, Language: English 
)
(C:\Users\mbeck\AppData\Roaming\MiKTeX\2.9\tex\latex\beamer\base\translator\dic
ts\translator-bibliography-dictionary\translator-bibliography-dictionary-Englis
h.dict
Dictionary: translator-bibliography-dictionary, Language: English 
)
(C:\Users\mbeck\AppData\Roaming\MiKTeX\2.9\tex\latex\beamer\base\translator\dic
ts\translator-environment-dictionary\translator-environment-dictionary-English.
dict
Dictionary: translator-environment-dictionary, Language: English 
)
(C:\Users\mbeck\AppData\Roaming\MiKTeX\2.9\tex\latex\beamer\base\translator\dic
ts\translator-months-dictionary\translator-months-dictionary-English.dict
Dictionary: translator-months-dictionary, Language: English 
)
(C:\Users\mbeck\AppData\Roaming\MiKTeX\2.9\tex\latex\beamer\base\translator\dic
ts\translator-numbers-dictionary\translator-numbers-dictionary-English.dict
Dictionary: translator-numbers-dictionary, Language: English 
)
(C:\Users\mbeck\AppData\Roaming\MiKTeX\2.9\tex\latex\beamer\base\translator\dic
ts\translator-theorem-dictionary\translator-theorem-dictionary-English.dict
Dictionary: translator-theorem-dictionary, Language: English 
)
LaTeX Info: Redefining \includegraphics on input line 94.
Package caption Info: Begin \AtBeginDocument code.
Package caption Info: subfig package v1.3 is loaded.
Package caption Info: End \AtBeginDocument code.

(M:\presentations\wqtrends_pres\wqtrends_pres.nav)

Package hyperref Warning: Option `pdfauthor' has already been used,
(hyperref)                setting the option has no effect on input line 97.

<fig/title_plo.pdf, id=53, 867.24pt x 252.945pt>
File: fig/title_plo.pdf Graphic file (type pdf)
 <use fig/title_plo.pdf>
Package pdftex.def Info: fig/title_plo.pdf used on input line 108.
(pdftex.def)             Requested size: 325.17949pt x 94.84256pt.


Class beamer Warning: Frame text is shrunk by a factor of 5.5252 percent instea
d of 0 percent on input line 108.

<fig/back_tmp.pdf, id=54, 505.89pt x 505.89pt>
File: fig/back_tmp.pdf Graphic file (type pdf)
 <use fig/back_tmp.pdf>
Package pdftex.def Info: fig/back_tmp.pdf used on input line 108.
(pdftex.def)             Requested size: 364.20192pt x 273.15337pt.


LaTeX Font Warning: Font shape `OT1/cmr/m/n' in size <4> not available
(Font)              size <5> substituted on input line 108.

[1

{C:/Users/mbeck/AppData/Local/MiKTeX/2.9/pdftex/config/pdftex.map} <M:/presenta
tions/wqtrends_pres/fig/back_tmp.pdf> <M:/presentations/wqtrends_pres/fig/title
_plo.pdf>]
File: fig/back_tmp.pdf Graphic file (type pdf)
 <use fig/back_tmp.pdf>
Package pdftex.def Info: fig/back_tmp.pdf used on input line 134.
(pdftex.def)             Requested size: 364.20192pt x 273.15337pt.
 [2

]
File: fig/back_tmp.pdf Graphic file (type pdf)
 <use fig/back_tmp.pdf>
Package pdftex.def Info: fig/back_tmp.pdf used on input line 134.
(pdftex.def)             Requested size: 364.20192pt x 273.15337pt.
 [3

]
File: fig/back_tmp.pdf Graphic file (type pdf)

<use fig/back_tmp.pdf>
Package pdftex.def Info: fig/back_tmp.pdf used on input line 134.
(pdftex.def)             Requested size: 364.20192pt x 273.15337pt.
 [4

]
File: fig/back_tmp.pdf Graphic file (type pdf)
 <use fig/back_tmp.pdf>
Package pdftex.def Info: fig/back_tmp.pdf used on input line 134.
(pdftex.def)             Requested size: 364.20192pt x 273.15337pt.
 [5

]
File: fig/back_tmp.pdf Graphic file (type pdf)
 <use fig/back_tmp.pdf>
Package pdftex.def Info: fig/back_tmp.pdf used on input line 150.
(pdftex.def)             Requested size: 364.20192pt x 273.15337pt.

[6

]
File: fig/back_tmp.pdf Graphic file (type pdf)
 <use fig/back_tmp.pdf>
Package pdftex.def Info: fig/back_tmp.pdf used on input line 150.
(pdftex.def)             Requested size: 364.20192pt x 273.15337pt.
 [7

]
File: fig/back_tmp.pdf Graphic file (type pdf)
 <use fig/back_tmp.pdf>
Package pdftex.def Info: fig/back_tmp.pdf used on input line 150.
(pdftex.def)             Requested size: 364.20192pt x 273.15337pt.
 [8

]
File: fig/back_tmp.pdf Graphic file (type pdf)

<use fig/back_tmp.pdf>
Package pdftex.def Info: fig/back_tmp.pdf used on input line 150.
(pdftex.def)             Requested size: 364.20192pt x 273.15337pt.
 [9

]
File: fig/back_tmp.pdf Graphic file (type pdf)
 <use fig/back_tmp.pdf>
Package pdftex.def Info: fig/back_tmp.pdf used on input line 150.
(pdftex.def)             Requested size: 364.20192pt x 273.15337pt.
 [10

]
<fig/redtide.png, id=179, 673.76718pt x 331.2375pt>
File: fig/redtide.png Graphic file (type png)
 <use fig/redtide.png>
Package pdftex.def Info: fig/redtide.png used on input line 155.
(pdftex.def)             Requested size: 325.17949pt x 159.86658pt.
File: fig/back_tmp.pdf Graphic file (type pdf)

<use fig/back_tmp.pdf>
Package pdftex.def Info: fig/back_tmp.pdf used on input line 155.
(pdftex.def)             Requested size: 364.20192pt x 273.15337pt.
 [11

 <M:/presentations/wqtrends_pres/fig/redtide.png>]
File: fig/back_tmp.pdf Graphic file (type pdf)

<use fig/back_tmp.pdf>
Package pdftex.def Info: fig/back_tmp.pdf used on input line 171.
(pdftex.def)             Requested size: 364.20192pt x 273.15337pt.
 [12

]
File: fig/back_tmp.pdf Graphic file (type pdf)
 <use fig/back_tmp.pdf>
Package pdftex.def Info: fig/back_tmp.pdf used on input line 171.
(pdftex.def)             Requested size: 364.20192pt x 273.15337pt.
 [13

]
<fig/irl_map.png, id=200, 383.18156pt x 478.03593pt>
File: fig/irl_map.png Graphic file (type png)
 <use fig/irl_map.png>
Package pdftex.def Info: fig/irl_map.png used on input line 185.
(pdftex.def)             Requested size: 138.6277pt x 172.94623pt.

<fig/irl_reg.png, id=201, 423.83344pt x 513.41812pt>
File: fig/irl_reg.png Graphic file (type png)
 <use fig/irl_reg.png>
Package pdftex.def Info: fig/irl_reg.png used on input line 185.
(pdftex.def)             Requested size: 141.709pt x 171.66122pt.
File: fig/back_tmp.pdf Graphic file (type pdf)

<use fig/back_tmp.pdf>
Package pdftex.def Info: fig/back_tmp.pdf used on input line 185.
(pdftex.def)             Requested size: 364.20192pt x 273.15337pt.
 [14

 <M:/presentations/wqtrends_pres/fig/irl_map.png> <M:/presentations/wqtrends_pr
es/fig/irl_reg.png>]
File: fig/back_tmp.pdf Graphic file (type pdf)
 <use fig/back_tmp.pdf>
Package pdftex.def Info: fig/back_tmp.pdf used on input line 197.
(pdftex.def)             Requested size: 364.20192pt x 273.15337pt.
 [15

]
<fig/sabine.png, id=217, 1734.48pt x 1041.491pt>
File: fig/sabine.png Graphic file (type png)
 <use fig/sabine.png>
Package pdftex.def Info: fig/sabine.png used on input line 203.
(pdftex.def)             Requested size: 273.83728pt x 164.4171pt.
File: fig/back_tmp.pdf Graphic file (type pdf)

<use fig/back_tmp.pdf>
Package pdftex.def Info: fig/back_tmp.pdf used on input line 203.
(pdftex.def)             Requested size: 364.20192pt x 273.15337pt.
 [16

 <M:/presentations/wqtrends_pres/fig/sabine.png>]
File: fig/back_tmp.pdf Graphic file (type pdf)

<use fig/back_tmp.pdf>
Package pdftex.def Info: fig/back_tmp.pdf used on input line 215.
(pdftex.def)             Requested size: 364.20192pt x 273.15337pt.
 [17

]
File: fig/back_tmp.pdf Graphic file (type pdf)
 <use fig/back_tmp.pdf>
Package pdftex.def Info: fig/back_tmp.pdf used on input line 232.
(pdftex.def)             Requested size: 364.20192pt x 273.15337pt.
 [18

]
<fig/ggchl_1.pdf, id=241, 397.485pt x 325.215pt>
File: fig/ggchl_1.pdf Graphic file (type pdf)
 <use fig/ggchl_1.pdf>
Package pdftex.def Info: fig/ggchl_1.pdf used on input line 258.
(pdftex.def)             Requested size: 181.41609pt x 159.2069pt.
LaTeX Font Info:    Try loading font information for U+msa on input line 258.

("C:\Program Files\MiKTeX 2.9\tex\latex\amsfonts\umsa.fd"
File: umsa.fd 2013/01/14 v3.01 AMS symbols A
)
LaTeX Font Info:    Try loading font information for U+msb on input line 258.

("C:\Program Files\MiKTeX 2.9\tex\latex\amsfonts\umsb.fd"
File: umsb.fd 2013/01/14 v3.01 AMS symbols B
)
<fig/wbid_map_1.pdf, id=242, 505.89pt x 505.89pt>
File: fig/wbid_map_1.pdf Graphic file (type pdf)
 <use fig/wbid_map_1.pdf>
Package pdftex.def Info: fig/wbid_map_1.pdf used on input line 258.
(pdftex.def)             Requested size: 147.18446pt x 147.18292pt.
File: fig/back_tmp.pdf Graphic file (type pdf)

<use fig/back_tmp.pdf>
Package pdftex.def Info: fig/back_tmp.pdf used on input line 258.
(pdftex.def)             Requested size: 364.20192pt x 273.15337pt.
 [19

 <M:/presentations/wqtrends_pres/fig/ggchl_1.pdf> <M:/presentations/wqtrends_pr
es/fig/wbid_map_1.pdf>]
<fig/ggchl_2.pdf, id=265, 397.485pt x 325.215pt>
File: fig/ggchl_2.pdf Graphic file (type pdf)
 <use fig/ggchl_2.pdf>
Package pdftex.def Info: fig/ggchl_2.pdf used on input line 258.
(pdftex.def)             Requested size: 181.41609pt x 159.2069pt.

<fig/wbid_map_2.pdf, id=266, 505.89pt x 505.89pt>
File: fig/wbid_map_2.pdf Graphic file (type pdf)
 <use fig/wbid_map_2.pdf>
Package pdftex.def Info: fig/wbid_map_2.pdf used on input line 258.
(pdftex.def)             Requested size: 147.18446pt x 147.18292pt.
File: fig/back_tmp.pdf Graphic file (type pdf)

<use fig/back_tmp.pdf>
Package pdftex.def Info: fig/back_tmp.pdf used on input line 258.
(pdftex.def)             Requested size: 364.20192pt x 273.15337pt.
 [20

 <M:/presentations/wqtrends_pres/fig/ggchl_2.pdf> <M:/presentations/wqtrends_pr
es/fig/wbid_map_2.pdf>]
<fig/ggchl_3.pdf, id=288, 397.485pt x 325.215pt>
File: fig/ggchl_3.pdf Graphic file (type pdf)
 <use fig/ggchl_3.pdf>
Package pdftex.def Info: fig/ggchl_3.pdf used on input line 258.
(pdftex.def)             Requested size: 181.41609pt x 159.2069pt.

<fig/wbid_map_3.pdf, id=289, 505.89pt x 505.89pt>
File: fig/wbid_map_3.pdf Graphic file (type pdf)
 <use fig/wbid_map_3.pdf>
Package pdftex.def Info: fig/wbid_map_3.pdf used on input line 258.
(pdftex.def)             Requested size: 147.18446pt x 147.18292pt.
File: fig/back_tmp.pdf Graphic file (type pdf)

<use fig/back_tmp.pdf>
Package pdftex.def Info: fig/back_tmp.pdf used on input line 258.
(pdftex.def)             Requested size: 364.20192pt x 273.15337pt.
 [21

 <M:/presentations/wqtrends_pres/fig/ggchl_3.pdf> <M:/presentations/wqtrends_pr
es/fig/wbid_map_3.pdf>]
<fig/ggchl_4.pdf, id=311, 397.485pt x 325.215pt>
File: fig/ggchl_4.pdf Graphic file (type pdf)
 <use fig/ggchl_4.pdf>
Package pdftex.def Info: fig/ggchl_4.pdf used on input line 258.
(pdftex.def)             Requested size: 181.41609pt x 159.2069pt.

<fig/wbid_map_4.pdf, id=312, 505.89pt x 505.89pt>
File: fig/wbid_map_4.pdf Graphic file (type pdf)
 <use fig/wbid_map_4.pdf>
Package pdftex.def Info: fig/wbid_map_4.pdf used on input line 258.
(pdftex.def)             Requested size: 147.18446pt x 147.18292pt.
File: fig/back_tmp.pdf Graphic file (type pdf)

<use fig/back_tmp.pdf>
Package pdftex.def Info: fig/back_tmp.pdf used on input line 258.
(pdftex.def)             Requested size: 364.20192pt x 273.15337pt.
 [22

 <M:/presentations/wqtrends_pres/fig/ggchl_4.pdf> <M:/presentations/wqtrends_pr
es/fig/wbid_map_4.pdf>]
<fig/ggchl_5.pdf, id=334, 397.485pt x 325.215pt>
File: fig/ggchl_5.pdf Graphic file (type pdf)
 <use fig/ggchl_5.pdf>
Package pdftex.def Info: fig/ggchl_5.pdf used on input line 258.
(pdftex.def)             Requested size: 181.41609pt x 159.2069pt.

<fig/wbid_map_5.pdf, id=335, 505.89pt x 505.89pt>
File: fig/wbid_map_5.pdf Graphic file (type pdf)
 <use fig/wbid_map_5.pdf>
Package pdftex.def Info: fig/wbid_map_5.pdf used on input line 258.
(pdftex.def)             Requested size: 147.18446pt x 147.18292pt.
File: fig/back_tmp.pdf Graphic file (type pdf)

<use fig/back_tmp.pdf>
Package pdftex.def Info: fig/back_tmp.pdf used on input line 258.
(pdftex.def)             Requested size: 364.20192pt x 273.15337pt.
 [23

 <M:/presentations/wqtrends_pres/fig/ggchl_5.pdf> <M:/presentations/wqtrends_pr
es/fig/wbid_map_5.pdf>]
File: fig/back_tmp.pdf Graphic file (type pdf)
 <use fig/back_tmp.pdf>
Package pdftex.def Info: fig/back_tmp.pdf used on input line 278.
(pdftex.def)             Requested size: 364.20192pt x 273.15337pt.

[24

]
File: fig/back_tmp.pdf Graphic file (type pdf)
 <use fig/back_tmp.pdf>
Package pdftex.def Info: fig/back_tmp.pdf used on input line 278.
(pdftex.def)             Requested size: 364.20192pt x 273.15337pt.
 [25

]
<fig/NERRS_locations.png, id=373, 725.71124pt x 446.41782pt>
File: fig/NERRS_locations.png Graphic file (type png)

<use fig/NERRS_locations.png>
Package pdftex.def Info: fig/NERRS_locations.png used on input line 287.
(pdftex.def)             Requested size: 273.83728pt x 168.44847pt.


Class beamer Warning: Frame text is shrunk by a factor of 4.8294 percent instea
d of 0 percent on input line 287.

File: fig/back_tmp.pdf Graphic file (type pdf)
<use fig/back_tmp.pdf>
Package pdftex.def Info: fig/back_tmp.pdf used on input line 287.
(pdftex.def)             Requested size: 364.20192pt x 273.15337pt.
 [26

 <M:/presentations/wqtrends_pres/fig/NERRS_locations.png>]
File: fig/back_tmp.pdf Graphic file (type pdf)
 <use fig/back_tmp.pdf>
Package pdftex.def Info: fig/back_tmp.pdf used on input line 305.
(pdftex.def)             Requested size: 364.20192pt x 273.15337pt.
 [27

]
File: fig/back_tmp.pdf Graphic file (type pdf)
 <use fig/back_tmp.pdf>
Package pdftex.def Info: fig/back_tmp.pdf used on input line 305.
(pdftex.def)             Requested size: 364.20192pt x 273.15337pt.
 [28

]
File: fig/back_tmp.pdf Graphic file (type pdf)

<use fig/back_tmp.pdf>
Package pdftex.def Info: fig/back_tmp.pdf used on input line 319.
(pdftex.def)             Requested size: 364.20192pt x 273.15337pt.
 [29

]
File: fig/back_tmp.pdf Graphic file (type pdf)
 <use fig/back_tmp.pdf>
Package pdftex.def Info: fig/back_tmp.pdf used on input line 319.
(pdftex.def)             Requested size: 364.20192pt x 273.15337pt.
 [30

]
File: fig/back_tmp.pdf Graphic file (type pdf)
 <use fig/back_tmp.pdf>
Package pdftex.def Info: fig/back_tmp.pdf used on input line 319.
(pdftex.def)             Requested size: 364.20192pt x 273.15337pt.

[31

]
File: fig/back_tmp.pdf Graphic file (type pdf)
 <use fig/back_tmp.pdf>
Package pdftex.def Info: fig/back_tmp.pdf used on input line 319.
(pdftex.def)             Requested size: 364.20192pt x 273.15337pt.
 [32

]
File: fig/back_tmp.pdf Graphic file (type pdf)
 <use fig/back_tmp.pdf>
Package pdftex.def Info: fig/back_tmp.pdf used on input line 319.
(pdftex.def)             Requested size: 364.20192pt x 273.15337pt.
 [33

]
<fig/tb_map.pdf, id=441, 469.755pt x 469.755pt>
File: fig/tb_map.pdf Graphic file (type pdf)
 <use fig/tb_map.pdf>
Package pdftex.def Info: fig/tb_map.pdf used on input line 341.
(pdftex.def)             Requested size: 171.14764pt x 171.14734pt.
File: fig/back_tmp.pdf Graphic file (type pdf)

<use fig/back_tmp.pdf>
Package pdftex.def Info: fig/back_tmp.pdf used on input line 341.
(pdftex.def)             Requested size: 364.20192pt x 273.15337pt.
 [34

 <M:/presentations/wqtrends_pres/fig/tb_map.pdf>]
<fig/annual_chl.pdf, id=458, 578.16pt x 325.215pt>
File: fig/annual_chl.pdf Graphic file (type pdf)
 <use fig/annual_chl.pdf>
Package pdftex.def Info: fig/annual_chl.pdf used on input line 356.
(pdftex.def)             Requested size: 342.2953pt x 192.54015pt.

Overfull \vbox (13.59866pt too high) detected at line 356
 []

File: fig/back_tmp.pdf Graphic file (type pdf)
<use fig/back_tmp.pdf>
Package pdftex.def Info: fig/back_tmp.pdf used on input line 356.
(pdftex.def)             Requested size: 364.20192pt x 273.15337pt.
 [35

 <M:/presentations/wqtrends_pres/fig/annual_chl.pdf>] <fig/salmoyr.pdf, id=477,
 page=1, 274.02374pt x 230.8625pt>
File: fig/salmoyr.pdf Graphic file (type pdf)

<use fig/salmoyr.pdf, page 1>
Package pdftex.def Info: fig/salmoyr.pdf, page1 used on input line 385.
(pdftex.def)             Requested size: 157.45813pt x 124.70282pt.

<fig/salmoyr.pdf, id=479, page=2, 274.02374pt x 230.8625pt>
File: fig/salmoyr.pdf Graphic file (type pdf)

<use fig/salmoyr.pdf, page 2>
Package pdftex.def Info: fig/salmoyr.pdf, page2 used on input line 385.
(pdftex.def)             Requested size: 157.45813pt x 124.70282pt.

Overfull \vbox (0.26308pt too high) detected at line 385
 []

File: fig/back_tmp.pdf Graphic file (type pdf)
<use fig/back_tmp.pdf>
Package pdftex.def Info: fig/back_tmp.pdf used on input line 385.
(pdftex.def)             Requested size: 364.20192pt x 273.15337pt.
 [36

 <M:/presentations/wqtrends_pres/fig/salmoyr.pdf> <M:/presentations/wqtrends_pr
es/fig/salmoyr.pdf>]
File: fig/back_tmp.pdf Graphic file (type pdf)
 <use fig/back_tmp.pdf>
Package pdftex.def Info: fig/back_tmp.pdf used on input line 403.
(pdftex.def)             Requested size: 364.20192pt x 273.15337pt.
 [37

]
File: fig/back_tmp.pdf Graphic file (type pdf)

<use fig/back_tmp.pdf>
Package pdftex.def Info: fig/back_tmp.pdf used on input line 403.
(pdftex.def)             Requested size: 364.20192pt x 273.15337pt.
 [38

]
File: fig/back_tmp.pdf Graphic file (type pdf)
 <use fig/back_tmp.pdf>
Package pdftex.def Info: fig/back_tmp.pdf used on input line 403.
(pdftex.def)             Requested size: 364.20192pt x 273.15337pt.
 [39

]
File: fig/back_tmp.pdf Graphic file (type pdf)
 <use fig/back_tmp.pdf>
Package pdftex.def Info: fig/back_tmp.pdf used on input line 403.
(pdftex.def)             Requested size: 364.20192pt x 273.15337pt.

[40

]
File: fig/back_tmp.pdf Graphic file (type pdf)
 <use fig/back_tmp.pdf>
Package pdftex.def Info: fig/back_tmp.pdf used on input line 414.
(pdftex.def)             Requested size: 364.20192pt x 273.15337pt.
 [41

]
File: fig/back_tmp.pdf Graphic file (type pdf)
 <use fig/back_tmp.pdf>
Package pdftex.def Info: fig/back_tmp.pdf used on input line 414.
(pdftex.def)             Requested size: 364.20192pt x 273.15337pt.
 [42

]
File: fig/back_tmp.pdf Graphic file (type pdf)

<use fig/back_tmp.pdf>
Package pdftex.def Info: fig/back_tmp.pdf used on input line 424.
(pdftex.def)             Requested size: 364.20192pt x 273.15337pt.
 [43

] <fig//predvals.pdf, id=566, 614.295pt x 289.08pt>
File: fig//predvals.pdf Graphic file (type pdf)

<use fig//predvals.pdf>
Package pdftex.def Info: fig//predvals.pdf used on input line 440.
(pdftex.def)             Requested size: 342.2953pt x 161.08089pt.
File: fig/back_tmp.pdf Graphic file (type pdf)
 <use fig/back_tmp.pdf>
Package pdftex.def Info: fig/back_tmp.pdf used on input line 440.
(pdftex.def)             Requested size: 364.20192pt x 273.15337pt.
 [44

 <M:/presentations/wqtrends_pres/fig//predvals.pdf>] <fig/hill.pdf, id=586, 289
.08pt x 252.945pt>
File: fig/hill.pdf Graphic file (type pdf)

<use fig/hill.pdf>
Package pdftex.def Info: fig/hill.pdf used on input line 459.
(pdftex.def)             Requested size: 154.03183pt x 134.77809pt.
File: fig/back_tmp.pdf Graphic file (type pdf)
 <use fig/back_tmp.pdf>
Package pdftex.def Info: fig/back_tmp.pdf used on input line 459.
(pdftex.def)             Requested size: 364.20192pt x 273.15337pt.
 [45

 <M:/presentations/wqtrends_pres/fig/hill.pdf>]
File: fig/title_plo.pdf Graphic file (type pdf)
 <use fig/title_plo.pdf>
Package pdftex.def Info: fig/title_plo.pdf used on input line 472.
(pdftex.def)             Requested size: 342.2953pt x 99.83691pt.
File: fig/back_tmp.pdf Graphic file (type pdf)
 <use fig/back_tmp.pdf>
Package pdftex.def Info: fig/back_tmp.pdf used on input line 472.
(pdftex.def)             Requested size: 364.20192pt x 273.15337pt.
 [46

]
File: fig/title_plo.pdf Graphic file (type pdf)

<use fig/title_plo.pdf>
Package pdftex.def Info: fig/title_plo.pdf used on input line 472.
(pdftex.def)             Requested size: 342.2953pt x 99.83691pt.
File: fig/back_tmp.pdf Graphic file (type pdf)
 <use fig/back_tmp.pdf>
Package pdftex.def Info: fig/back_tmp.pdf used on input line 472.
(pdftex.def)             Requested size: 364.20192pt x 273.15337pt.
 [47

]
<fig/sg_pic.png, id=617, 638.385pt x 337.26pt>
File: fig/sg_pic.png Graphic file (type png)
 <use fig/sg_pic.png>
Package pdftex.def Info: fig/sg_pic.png used on input line 487.
(pdftex.def)             Requested size: 239.60567pt x 126.5854pt.
File: fig/back_tmp.pdf Graphic file (type pdf)

<use fig/back_tmp.pdf>
Package pdftex.def Info: fig/back_tmp.pdf used on input line 487.
(pdftex.def)             Requested size: 364.20192pt x 273.15337pt.
 [48

 <M:/presentations/wqtrends_pres/fig/sg_pic.png>]
File: fig/back_tmp.pdf Graphic file (type pdf)

<use fig/back_tmp.pdf>
Package pdftex.def Info: fig/back_tmp.pdf used on input line 497.
(pdftex.def)             Requested size: 364.20192pt x 273.15337pt.
 [49

]
File: fig/back_tmp.pdf Graphic file (type pdf)
 <use fig/back_tmp.pdf>
Package pdftex.def Info: fig/back_tmp.pdf used on input line 497.
(pdftex.def)             Requested size: 364.20192pt x 273.15337pt.
 [50

]
<fig//segmap.pdf, id=639, 289.08pt x 289.08pt>
File: fig//segmap.pdf Graphic file (type pdf)
 <use fig//segmap.pdf>
Package pdftex.def Info: fig//segmap.pdf used on input line 520.
(pdftex.def)             Requested size: 171.14764pt x 171.14679pt.

<fig/Charlotte_Estuary_Segments.jpg, id=640, 469.755pt x 653.3208pt>
File: fig/Charlotte_Estuary_Segments.jpg Graphic file (type jpg)

<use fig/Charlotte_Estuary_Segments.jpg>
Package pdftex.def Info: fig/Charlotte_Estuary_Segments.jpg used on input line 
520.
(pdftex.def)             Requested size: 123.22592pt x 171.37466pt.
File: fig/back_tmp.pdf Graphic file (type pdf)
 <use fig/back_tmp.pdf>
Package pdftex.def Info: fig/back_tmp.pdf used on input line 520.
(pdftex.def)             Requested size: 364.20192pt x 273.15337pt.
 [51

 <M:/presentations/wqtrends_pres/fig//segmap.pdf> <M:/presentations/wqtrends_pr
es/fig/Charlotte_Estuary_Segments.jpg>] <fig/map820.png, id=652, 482.0409pt x 5
97.6729pt>
File: fig/map820.png Graphic file (type png)

<use fig/map820.png>
Package pdftex.def Info: fig/map820.png used on input line 564.
(pdftex.def)             Requested size: 98.58263pt x 122.22278pt.
 <fig//segsg.pdf, id=653, 289.08pt x 289.08pt>
File: fig//segsg.pdf Graphic file (type pdf)

<use fig//segsg.pdf>
Package pdftex.def Info: fig//segsg.pdf used on input line 564.
(pdftex.def)             Requested size: 109.537pt x 109.53394pt.
 <fig//segpt.pdf, id=654, 289.08pt x 289.08pt>
File: fig//segpt.pdf Graphic file (type pdf)

<use fig//segpt.pdf>
Package pdftex.def Info: fig//segpt.pdf used on input line 564.
(pdftex.def)             Requested size: 109.537pt x 109.53394pt.
File: fig/back_tmp.pdf Graphic file (type pdf)
 <use fig/back_tmp.pdf>
Package pdftex.def Info: fig/back_tmp.pdf used on input line 564.
(pdftex.def)             Requested size: 364.20192pt x 273.15337pt.
 [52

 <M:/presentations/wqtrends_pres/fig/map820.png> <M:/presentations/wqtrends_pre
s/fig//segsg.pdf> <M:/presentations/wqtrends_pres/fig//segpt.pdf>]
File: fig/map820.png Graphic file (type png)
 <use fig/map820.png>
Package pdftex.def Info: fig/map820.png used on input line 564.
(pdftex.def)             Requested size: 98.58263pt x 122.22278pt.
File: fig//segsg.pdf Graphic file (type pdf)
 <use fig//segsg.pdf>
Package pdftex.def Info: fig//segsg.pdf used on input line 564.
(pdftex.def)             Requested size: 109.537pt x 109.53394pt.
File: fig//segpt.pdf Graphic file (type pdf)

<use fig//segpt.pdf>
Package pdftex.def Info: fig//segpt.pdf used on input line 564.
(pdftex.def)             Requested size: 109.537pt x 109.53394pt.
File: fig/back_tmp.pdf Graphic file (type pdf)
 <use fig/back_tmp.pdf>
Package pdftex.def Info: fig/back_tmp.pdf used on input line 564.
(pdftex.def)             Requested size: 364.20192pt x 273.15337pt.
 [53

]
File: fig/map820.png Graphic file (type png)
 <use fig/map820.png>
Package pdftex.def Info: fig/map820.png used on input line 564.
(pdftex.def)             Requested size: 98.58263pt x 122.22278pt.
File: fig//segsg.pdf Graphic file (type pdf)

<use fig//segsg.pdf>
Package pdftex.def Info: fig//segsg.pdf used on input line 564.
(pdftex.def)             Requested size: 109.537pt x 109.53394pt.
File: fig//segpt.pdf Graphic file (type pdf)
 <use fig//segpt.pdf>
Package pdftex.def Info: fig//segpt.pdf used on input line 564.
(pdftex.def)             Requested size: 109.537pt x 109.53394pt.
File: fig/back_tmp.pdf Graphic file (type pdf)
 <use fig/back_tmp.pdf>
Package pdftex.def Info: fig/back_tmp.pdf used on input line 564.
(pdftex.def)             Requested size: 364.20192pt x 273.15337pt.
 [54

]
File: fig/map820.png Graphic file (type png)

<use fig/map820.png>
Package pdftex.def Info: fig/map820.png used on input line 564.
(pdftex.def)             Requested size: 98.58263pt x 122.22278pt.
File: fig//segsg.pdf Graphic file (type pdf)
 <use fig//segsg.pdf>
Package pdftex.def Info: fig//segsg.pdf used on input line 564.
(pdftex.def)             Requested size: 109.537pt x 109.53394pt.
File: fig//segpt.pdf Graphic file (type pdf)
 <use fig//segpt.pdf>
Package pdftex.def Info: fig//segpt.pdf used on input line 564.
(pdftex.def)             Requested size: 109.537pt x 109.53394pt.
File: fig/back_tmp.pdf Graphic file (type pdf)

<use fig/back_tmp.pdf>
Package pdftex.def Info: fig/back_tmp.pdf used on input line 564.
(pdftex.def)             Requested size: 364.20192pt x 273.15337pt.
 [55

]
File: fig/map820.png Graphic file (type png)
 <use fig/map820.png>
Package pdftex.def Info: fig/map820.png used on input line 564.
(pdftex.def)             Requested size: 98.58263pt x 122.22278pt.
File: fig//segsg.pdf Graphic file (type pdf)
 <use fig//segsg.pdf>
Package pdftex.def Info: fig//segsg.pdf used on input line 564.
(pdftex.def)             Requested size: 109.537pt x 109.53394pt.
File: fig//segpt.pdf Graphic file (type pdf)

<use fig//segpt.pdf>
Package pdftex.def Info: fig//segpt.pdf used on input line 564.
(pdftex.def)             Requested size: 109.537pt x 109.53394pt.
File: fig/back_tmp.pdf Graphic file (type pdf)
 <use fig/back_tmp.pdf>
Package pdftex.def Info: fig/back_tmp.pdf used on input line 564.
(pdftex.def)             Requested size: 364.20192pt x 273.15337pt.
 [56

]
<fig/Hagy_est.png, id=694, 424.9476pt x 333.8874pt>
File: fig/Hagy_est.png Graphic file (type png)
 <use fig/Hagy_est.png>
Package pdftex.def Info: fig/Hagy_est.png used on input line 573.
(pdftex.def)             Requested size: 222.48985pt x 174.8146pt.
File: fig/back_tmp.pdf Graphic file (type pdf)

<use fig/back_tmp.pdf>
Package pdftex.def Info: fig/back_tmp.pdf used on input line 573.
(pdftex.def)             Requested size: 364.20192pt x 273.15337pt.
 [57

 <M:/presentations/wqtrends_pres/fig/Hagy_est.png>]
<fig/sgdepthall.pdf, id=702, 505.89pt x 505.89pt>
File: fig/sgdepthall.pdf Graphic file (type pdf)
 <use fig/sgdepthall.pdf>
Package pdftex.def Info: fig/sgdepthall.pdf used on input line 582.
(pdftex.def)             Requested size: 188.26346pt x 188.26477pt.
File: fig/back_tmp.pdf Graphic file (type pdf)

<use fig/back_tmp.pdf>
Package pdftex.def Info: fig/back_tmp.pdf used on input line 582.
(pdftex.def)             Requested size: 364.20192pt x 273.15337pt.
 [58

 <M:/presentations/wqtrends_pres/fig/sgdepthall.pdf>] <fig//docfail1.pdf, id=71
8, 289.08pt x 289.08pt>
File: fig//docfail1.pdf Graphic file (type pdf)
 <use fig//docfail1.pdf>
Package pdftex.def Info: fig//docfail1.pdf used on input line 616.
(pdftex.def)             Requested size: 154.03183pt x 154.0321pt.

<fig//docfail2.pdf, id=719, 289.08pt x 289.08pt>
File: fig//docfail2.pdf Graphic file (type pdf)
 <use fig//docfail2.pdf>
Package pdftex.def Info: fig//docfail2.pdf used on input line 616.
(pdftex.def)             Requested size: 154.03183pt x 154.0321pt.
File: fig/back_tmp.pdf Graphic file (type pdf)

<use fig/back_tmp.pdf>
Package pdftex.def Info: fig/back_tmp.pdf used on input line 616.
(pdftex.def)             Requested size: 364.20192pt x 273.15337pt.
 [59

 <M:/presentations/wqtrends_pres/fig//docfail1.pdf> <M:/presentations/wqtrends_
pres/fig//docfail2.pdf>]
File: fig//docfail1.pdf Graphic file (type pdf)
 <use fig//docfail1.pdf>
Package pdftex.def Info: fig//docfail1.pdf used on input line 616.
(pdftex.def)             Requested size: 154.03183pt x 154.0321pt.
File: fig//docfail2.pdf Graphic file (type pdf)

<use fig//docfail2.pdf>
Package pdftex.def Info: fig//docfail2.pdf used on input line 616.
(pdftex.def)             Requested size: 154.03183pt x 154.0321pt.
File: fig/back_tmp.pdf Graphic file (type pdf)
 <use fig/back_tmp.pdf>
Package pdftex.def Info: fig/back_tmp.pdf used on input line 616.
(pdftex.def)             Requested size: 364.20192pt x 273.15337pt.
 [60

]
File: fig//docfail1.pdf Graphic file (type pdf)
 <use fig//docfail1.pdf>
Package pdftex.def Info: fig//docfail1.pdf used on input line 616.
(pdftex.def)             Requested size: 154.03183pt x 154.0321pt.
File: fig//docfail2.pdf Graphic file (type pdf)

<use fig//docfail2.pdf>
Package pdftex.def Info: fig//docfail2.pdf used on input line 616.
(pdftex.def)             Requested size: 154.03183pt x 154.0321pt.
File: fig/back_tmp.pdf Graphic file (type pdf)
 <use fig/back_tmp.pdf>
Package pdftex.def Info: fig/back_tmp.pdf used on input line 616.
(pdftex.def)             Requested size: 364.20192pt x 273.15337pt.
 [61

]
File: fig/back_tmp.pdf Graphic file (type pdf)
 <use fig/back_tmp.pdf>
Package pdftex.def Info: fig/back_tmp.pdf used on input line 625.
(pdftex.def)             Requested size: 364.20192pt x 273.15337pt.

[62

]
File: fig/back_tmp.pdf Graphic file (type pdf)
 <use fig/back_tmp.pdf>
Package pdftex.def Info: fig/back_tmp.pdf used on input line 634.
(pdftex.def)             Requested size: 364.20192pt x 273.15337pt.
 [63

]
File: fig/back_tmp.pdf Graphic file (type pdf)
 <use fig/back_tmp.pdf>
Package pdftex.def Info: fig/back_tmp.pdf used on input line 647.
(pdftex.def)             Requested size: 364.20192pt x 273.15337pt.
 [64

]
File: fig/back_tmp.pdf Graphic file (type pdf)

<use fig/back_tmp.pdf>
Package pdftex.def Info: fig/back_tmp.pdf used on input line 647.
(pdftex.def)             Requested size: 364.20192pt x 273.15337pt.
 [65

]
<fig/widget.png, id=786, 901.86937pt x 672.26157pt>
File: fig/widget.png Graphic file (type png)
 <use fig/widget.png>
Package pdftex.def Info: fig/widget.png used on input line 653.
(pdftex.def)             Requested size: 256.72147pt x 191.3606pt.
File: fig/back_tmp.pdf Graphic file (type pdf)

<use fig/back_tmp.pdf>
Package pdftex.def Info: fig/back_tmp.pdf used on input line 653.
(pdftex.def)             Requested size: 364.20192pt x 273.15337pt.
 [66

 <M:/presentations/wqtrends_pres/fig/widget.png>]
<fig/Rlogo.png, id=793, 87.2058pt x 66.2475pt>
File: fig/Rlogo.png Graphic file (type png)
 <use fig/Rlogo.png>
Package pdftex.def Info: fig/Rlogo.png used on input line 678.
(pdftex.def)             Requested size: 85.57382pt x 65.00903pt.

<fig/RStudio.png, id=794, 2007.5pt x 704.6325pt>
File: fig/RStudio.png Graphic file (type png)
 <use fig/RStudio.png>
Package pdftex.def Info: fig/RStudio.png used on input line 678.
(pdftex.def)             Requested size: 85.57382pt x 30.0298pt.

<fig/knit-logo.png, id=795, 240.9pt x 165.61874pt>
File: fig/knit-logo.png Graphic file (type png)
 <use fig/knit-logo.png>
Package pdftex.def Info: fig/knit-logo.png used on input line 678.
(pdftex.def)             Requested size: 85.57382pt x 58.8317pt.

<fig/octocat.png, id=796, 123.3408pt x 123.3408pt>
File: fig/octocat.png Graphic file (type png)
 <use fig/octocat.png>
Package pdftex.def Info: fig/octocat.png used on input line 678.
(pdftex.def)             Requested size: 85.57382pt x 85.57573pt.
File: fig/back_tmp.pdf Graphic file (type pdf)

<use fig/back_tmp.pdf>
Package pdftex.def Info: fig/back_tmp.pdf used on input line 678.
(pdftex.def)             Requested size: 364.20192pt x 273.15337pt.
 [67

 <M:/presentations/wqtrends_pres/fig/Rlogo.png> <M:/presentations/wqtrends_pres
/fig/RStudio.png> <M:/presentations/wqtrends_pres/fig/knit-logo.png> <M:/presen
tations/wqtrends_pres/fig/octocat.png>]
File: fig/Rlogo.png Graphic file (type png)

<use fig/Rlogo.png>
Package pdftex.def Info: fig/Rlogo.png used on input line 678.
(pdftex.def)             Requested size: 85.57382pt x 65.00903pt.
File: fig/RStudio.png Graphic file (type png)
 <use fig/RStudio.png>
Package pdftex.def Info: fig/RStudio.png used on input line 678.
(pdftex.def)             Requested size: 85.57382pt x 30.0298pt.
File: fig/knit-logo.png Graphic file (type png)
 <use fig/knit-logo.png>
Package pdftex.def Info: fig/knit-logo.png used on input line 678.
(pdftex.def)             Requested size: 85.57382pt x 58.8317pt.
File: fig/octocat.png Graphic file (type png)

<use fig/octocat.png>
Package pdftex.def Info: fig/octocat.png used on input line 678.
(pdftex.def)             Requested size: 85.57382pt x 85.57573pt.
File: fig/back_tmp.pdf Graphic file (type pdf)
 <use fig/back_tmp.pdf>
Package pdftex.def Info: fig/back_tmp.pdf used on input line 678.
(pdftex.def)             Requested size: 364.20192pt x 273.15337pt.
 [68

]
File: fig/NERRS_locations.png Graphic file (type png)

<use fig/NERRS_locations.png>
Package pdftex.def Info: fig/NERRS_locations.png used on input line 684.
(pdftex.def)             Requested size: 273.83728pt x 168.44847pt.
File: fig/back_tmp.pdf Graphic file (type pdf)
 <use fig/back_tmp.pdf>
Package pdftex.def Info: fig/back_tmp.pdf used on input line 684.
(pdftex.def)             Requested size: 364.20192pt x 273.15337pt.
 [69

]
File: fig/back_tmp.pdf Graphic file (type pdf)

<use fig/back_tmp.pdf>
Package pdftex.def Info: fig/back_tmp.pdf used on input line 701.
(pdftex.def)             Requested size: 364.20192pt x 273.15337pt.
 [70

]
File: fig/back_tmp.pdf Graphic file (type pdf)
 <use fig/back_tmp.pdf>
Package pdftex.def Info: fig/back_tmp.pdf used on input line 701.
(pdftex.def)             Requested size: 364.20192pt x 273.15337pt.
 [71

]
File: fig/back_tmp.pdf Graphic file (type pdf)
 <use fig/back_tmp.pdf>
Package pdftex.def Info: fig/back_tmp.pdf used on input line 701.
(pdftex.def)             Requested size: 364.20192pt x 273.15337pt.

[72

]
File: fig/back_tmp.pdf Graphic file (type pdf)
 <use fig/back_tmp.pdf>
Package pdftex.def Info: fig/back_tmp.pdf used on input line 712.
(pdftex.def)             Requested size: 364.20192pt x 273.15337pt.
 [73

]
LaTeX Font Info:    Font shape `OT1/cmtt/bx/n' in size <10.95> not available
(Font)              Font shape `OT1/cmtt/m/n' tried instead on input line 731.
File: fig/back_tmp.pdf Graphic file (type pdf)
 <use fig/back_tmp.pdf>
Package pdftex.def Info: fig/back_tmp.pdf used on input line 731.
(pdftex.def)             Requested size: 364.20192pt x 273.15337pt.
 [74

]
File: fig/back_tmp.pdf Graphic file (type pdf)

<use fig/back_tmp.pdf>
Package pdftex.def Info: fig/back_tmp.pdf used on input line 736.
(pdftex.def)             Requested size: 364.20192pt x 273.15337pt.
 [75

] (M:\presentations\wqtrends_pres\wqtrends_pres.bbl)
File: fig/back_tmp.pdf Graphic file (type pdf)

<use fig/back_tmp.pdf>
Package pdftex.def Info: fig/back_tmp.pdf used on input line 745.
(pdftex.def)             Requested size: 364.20192pt x 273.15337pt.
 [76

]
File: fig/back_tmp.pdf Graphic file (type pdf)
 <use fig/back_tmp.pdf>
Package pdftex.def Info: fig/back_tmp.pdf used on input line 745.
(pdftex.def)             Requested size: 364.20192pt x 273.15337pt.
 [77


]
File: fig/back_tmp.pdf Graphic file (type pdf)
 <use fig/back_tmp.pdf>
Package pdftex.def Info: fig/back_tmp.pdf used on input line 745.
(pdftex.def)             Requested size: 364.20192pt x 273.15337pt.

[78


]
\tf@nav=\write6
\tf@toc=\write7
\tf@snm=\write8


Package caption Warning: Unused \captionsetup[subfloat] on input line 385.
See the caption package documentation for explanation.

Package atveryend Info: Empty hook `BeforeClearDocument' on input line 747.
Package atveryend Info: Empty hook `AfterLastShipout' on input line 747.
(M:\presentations\wqtrends_pres\wqtrends_pres.aux)
Package atveryend Info: Executing hook `AtVeryEndDocument' on input line 747.
Package atveryend Info: Executing hook `AtEndAfterFileList' on input line 747.
Package rerunfilecheck Info: File `wqtrends_pres.out' has not changed.
(rerunfilecheck)             Checksum: 73A7180A0FD1EB450C05A6D576B1ABB1;276.


LaTeX Font Warning: Size substitutions with differences
(Font)              up to 1.0pt have occurred.

Package atveryend Info: Empty hook `AtVeryVeryEnd' on input line 747.
 ) 
Here is how much of TeX's memory you used:
 28473 strings out of 493921
 563937 string characters out of 3147282
 669645 words of memory out of 3000000
 30917 multiletter control sequences out of 15000+200000
 11433 words of font info for 44 fonts, out of 3000000 for 9000
 841 hyphenation exceptions out of 8191
 49i,16n,73p,475b,828s stack positions out of 5000i,500n,10000p,200000b,50000s
pdfTeX warning (dest): name{sub@fig:salmoyr2} has been referenced but does no
t exist, replaced by a fixed one

pdfTeX warning (dest): name{sub@fig:salmoyr1} has been referenced but does not 
exist, replaced by a fixed one

<C:/Program Files/MiKTeX 2.9/fonts/type1/public/amsfonts/cm/cmbx10.pfb><C:/Prog
ram Files/MiKTeX 2.9/fonts/type1/public/amsfonts/cm/cmbx12.pfb><C:/Program File
s/MiKTeX 2.9/fonts/type1/public/amsfonts/cm/cmbx9.pfb><C:/Program Files/MiKTeX 
2.9/fonts/type1/public/amsfonts/cm/cmmi10.pfb><C:/Program Files/MiKTeX 2.9/font
s/type1/public/amsfonts/cm/cmr10.pfb><C:/Program Files/MiKTeX 2.9/fonts/type1/p
ublic/amsfonts/cm/cmr12.pfb><C:/Program Files/MiKTeX 2.9/fonts/type1/public/ams
fonts/cm/cmr6.pfb><C:/Program Files/MiKTeX 2.9/fonts/type1/public/amsfonts/cm/c
mr8.pfb><C:/Program Files/MiKTeX 2.9/fonts/type1/public/amsfonts/cm/cmti10.pfb>
<C:/Program Files/MiKTeX 2.9/fonts/type1/public/amsfonts/cm/cmtt10.pfb><C:/Prog
ram Files/MiKTeX 2.9/fonts/type1/public/amsfonts/cm/cmtt8.pfb>
Output written on wqtrends_pres.pdf (78 pages, 39001959 bytes).
PDF statistics:
 955 PDF objects out of 1000 (max. 8388607)
 186 named destinations out of 1000 (max. 500000)
 449 words of extra memory for PDF output out of 10000 (max. 10000000)

